
2014/06/16-16:19:53 TrustPay Client PHP 交易开始==========================
2014/06/16-16:19:53 配置文件中商户数为1请求指定的商户配置编号为 1
2014/06/16-16:19:53 检查交易请求是否合法：
2014/06/16-16:19:53 1100]    错误信息：[商户提交的交易资料不合法 - 验证结果回传网址不合法]
2014/06/16-16:19:53 交易结束==================================================
                    
                    
                    
                    
2014/06/16-16:20:27 TrustPay Client PHP 交易开始==========================
2014/06/16-16:20:27 检查交易请求是否合法：
2014/06/16-16:20:27 正确
2014/06/16-16:20:27 交易报文：
2014/06/16-16:20:27 <TrxRequest><TrxType>PayReq</TrxType><Order><OrderNo>ON200306300001</OrderNo><ExpiredDate>30</ExpiredDate><OrderAmount>280</OrderAmount><OrderDesc>Game Card Order</OrderDesc><OrderDate>2003/11/12</OrderDate><OrderTime>23:55:30</OrderTime><OrderURL>http://127.0.0.1/Merchant/MerchantQueryOrder.jsp?ON=ON200306300001&QueryType=1</OrderURL><BuyIP>172.30.7.75</BuyIP><OrderItems><OrderItem><ProductID>IP000001</ProductID><ProductName>中国移动ip卡</ProductName><UnitPrice>100.1</UnitPrice><Qty>1</Qty></OrderItem><OrderItem><ProductID>IP000002</ProductID><ProductName>网通ip卡</ProductName><UnitPrice>90.1</UnitPrice><Qty>2</Qty></OrderItem></OrderItems></Order><ProductType>1</ProductType><PaymentType>1</PaymentType><NotifyType>0</NotifyType><ResultNotifyURL>http://127.0.0.1:83/TrustPayClient/demo/MerchantResult.php</ResultNotifyURL><MerchantRemarks>Hi!</MerchantRemarks><PaymentLinkType>1</PaymentLinkType></TrxRequest>
2014/06/16-16:20:27 完整交易报文：
2014/06/16-16:20:27 <Merchant><ECMerchantType>B2C</ECMerchantType><MerchantID>244011500069A01</MerchantID></Merchant><TrxRequest><TrxType>PayReq</TrxType><Order><OrderNo>ON200306300001</OrderNo><ExpiredDate>30</ExpiredDate><OrderAmount>280</OrderAmount><OrderDesc>Game Card Order</OrderDesc><OrderDate>2003/11/12</OrderDate><OrderTime>23:55:30</OrderTime><OrderURL>http://127.0.0.1/Merchant/MerchantQueryOrder.jsp?ON=ON200306300001&QueryType=1</OrderURL><BuyIP>172.30.7.75</BuyIP><OrderItems><OrderItem><ProductID>IP000001</ProductID><ProductName>中国移动ip卡</ProductName><UnitPrice>100.1</UnitPrice><Qty>1</Qty></OrderItem><OrderItem><ProductID>IP000002</ProductID><ProductName>网通ip卡</ProductName><UnitPrice>90.1</UnitPrice><Qty>2</Qty></OrderItem></OrderItems></Order><ProductType>1</ProductType><PaymentType>1</PaymentType><NotifyType>0</NotifyType><ResultNotifyURL>http://127.0.0.1:83/TrustPayClient/demo/MerchantResult.php</ResultNotifyURL><MerchantRemarks>Hi!</MerchantRemarks><PaymentLinkType>1</PaymentLinkType></TrxRequest>
2014/06/16-16:20:27 签名后的报文：
2014/06/16-16:20:28 提交网上支付平台的报文：<MSG><Message><Merchant><ECMerchantType>B2C</ECMerchantType><MerchantID>244011500069A01</MerchantID></Merchant><TrxRequest><TrxType>PayReq</TrxType><Order><OrderNo>ON200306300001</OrderNo><ExpiredDate>30</ExpiredDate><OrderAmount>280</OrderAmount><OrderDesc>Game Card Order</OrderDesc><OrderDate>2003/11/12</OrderDate><OrderTime>23:55:30</OrderTime><OrderURL>http://127.0.0.1/Merchant/MerchantQueryOrder.jsp?ON=ON200306300001&QueryType=1</OrderURL><BuyIP>172.30.7.75</BuyIP><OrderItems><OrderItem><ProductID>IP000001</ProductID><ProductName>中国移动ip卡</ProductName><UnitPrice>100.1</UnitPrice><Qty>1</Qty></OrderItem><OrderItem><ProductID>IP000002</ProductID><ProductName>网通ip卡</ProductName><UnitPrice>90.1</UnitPrice><Qty>2</Qty></OrderItem></OrderItems></Order><ProductType>1</ProductType><PaymentType>1</PaymentType><NotifyType>0</NotifyType><ResultNotifyURL>http://127.0.0.1:83/TrustPayClient/demo/MerchantResult.php</ResultNotifyURL><MerchantRemarks>Hi!</MerchantRemarks><PaymentLinkType>1</PaymentLinkType></TrxRequest></Message><Signature-Algorithm>SHA1withRSA</Signature-Algorithm><Signature>diO4AE6+Hnmt2/mGzBvnmUPlrOsrF6u9q/QmzRmroGm29+3L4/bXzM5070GnuTxTsgGQQNtxGJFgsg1HikzYY51pf5G6hnw7ocYH3G4sdw0lmqRXEwhr/dZQY8TetQbuKDN+1u2Hm2DehOxv8WhS7al/AD81/1qFOhNrwC39mfI=</Signature></MSG>
2014/06/16-16:20:28 交易结束==================================================
                    
                    
                    
                    
2014/06/16-16:21:31 TrustPay Client PHP 交易开始==========================
2014/06/16-16:21:31 配置文件中商户数为1请求指定的商户配置编号为 1
2014/06/16-16:21:31 检查交易请求是否合法：正确
2014/06/16-16:21:31 交易报文
2014/06/16-16:21:31 完整交易报文：
2014/06/16-16:21:31 签名后的报文
2014/06/16-16:21:31 提交网上支付平台的报文：
                    <MSG><Message><Merchant><ECMerchantType>B2C</ECMerchantType><MerchantID>244011500069A01</MerchantID></Merchant><TrxRequest><TrxType>Query</TrxType><OrderNo>ON200306300001</OrderNo><QueryDetail>0</QueryDetail></TrxRequest></Message><Signature-Algorithm>SHA1withRSA</Signature-Algorithm><Signature>BrszfhEW0jBCSZVUqlcaAWjAHmoU4e/s3S3gan6eZJYHfs1vjh6fhgOHjy+a2LnpwB9rwG70B/U7g9d9aEOC56FuCCcxRZ9Sr8j5zHVwaB/TieznVelcbqJGnGAJ00jp4UTTtuLN1YRrJADSP37wONu2odT2BGbnDmb9Tgnsd7g=</Signature></MSG>
2014/06/16-16:21:31 报文长度：486<br>
2014/06/16-16:21:31 连线网上支付平台
2014/06/16-16:21:31 网上支付平台URL：[https://www.95599.cn/b2c/trustpay/ReceiveMerchantTrxReqServlet] 
2014/06/16-16:21:31 成功
2014/06/16-16:21:31 提交交易报文：
2014/06/16-16:21:31 <MSG><Message><Merchant><ECMerchantType>B2C</ECMerchantType><MerchantID>244011500069A01</MerchantID></Merchant><TrxRequest><TrxType>Query</TrxType><OrderNo>ON200306300001</OrderNo><QueryDetail>0</QueryDetail></TrxRequest></Message><Signature-Algorithm>SHA1withRSA</Signature-Algorithm><Signature>BrszfhEW0jBCSZVUqlcaAWjAHmoU4e/s3S3gan6eZJYHfs1vjh6fhgOHjy+a2LnpwB9rwG70B/U7g9d9aEOC56FuCCcxRZ9Sr8j5zHVwaB/TieznVelcbqJGnGAJ00jp4UTTtuLN1YRrJADSP37wONu2odT2BGbnDmb9Tgnsd7g=</Signature></MSG>
2014/06/16-16:21:31 成功
2014/06/16-16:21:31 接受到的响应报文：
                    HTTP/1.1 200 OK
                    Date: Mon, 16 Jun 2014 08:21:10 GMT
                    Server: Microsoft-IIS/6.0
                    X-Powered-By: ASP.NET
                    X-AspNet-Version: 2.0.50727
                    Set-Cookie: ASP.NET_SessionId=gvfev1yu5ruibwinqyxf1cev; path=/; HttpOnly
                    Cache-Control: private
                    Content-Type: text/html; charset=gb2312
                    Connection: close
                    Set-Cookie: BIGipServerpool_ec_b2c=929360650.56611.0000; path=/
                    
                    <MSG><Message><Merchant><ECMerchantType>B2C</ECMerchantType><MerchantID>244011500069A01</MerchantID></Merchant><TrxResponse><ReturnCode>0000</ReturnCode><ErrorMessage>交易成功</ErrorMessage><TrxType>Query</TrxType><Order><OrderNo>ON200306300001</OrderNo><OrderAmount>2.00</OrderAmount><OrderDesc>您的账单描述</OrderDesc><OrderDate>14-06-16</OrderDate><OrderTime>16:21:10</OrderTime><OrderItems></OrderItems><PayAmount>2.00</PayAmount><RefundAmount>0</RefundAmount><OrderStatus>01</OrderStatus></Order></TrxResponse></Message><Signature-Algorithm>SHA1withRSA</Signature-Algorithm><Signature>as+aBKBxLi6j7kea89d7fLEqNnVAWkonhdbOxalri4r49HYE2acpetbkJEZb0HnfN2ObNCFj4oL0OxgweBFKjVDgLMrjnQuwm5WVoyG2W4Z+YAoF0yM54KfhbF6rIttrEXqgC/IR9U/qV+dXtQgu/3yWv//ktTWNsph5NbDSRMg=</Signature></MSG>
2014/06/16-16:21:31 接收报文：
2014/06/16-16:21:31 <Message><Merchant><ECMerchantType>B2C</ECMerchantType><MerchantID>244011500069A01</MerchantID></Merchant><TrxResponse><ReturnCode>0000</ReturnCode><ErrorMessage>交易成功</ErrorMessage><TrxType>Query</TrxType><Order><OrderNo>ON200306300001</OrderNo><OrderAmount>2.00</OrderAmount><OrderDesc>您的账单描述</OrderDesc><OrderDate>14-06-16</OrderDate><OrderTime>16:21:10</OrderTime><OrderItems></OrderItems><PayAmount>2.00</PayAmount><RefundAmount>0</RefundAmount><OrderStatus>01</OrderStatus></Order></TrxResponse></Message><Signature-Algorithm>SHA1withRSA</Signature-Algorithm><Signature>as+aBKBxLi6j7kea89d7fLEqNnVAWkonhdbOxalri4r49HYE2acpetbkJEZb0HnfN2ObNCFj4oL0OxgweBFKjVDgLMrjnQuwm5WVoyG2W4Z+YAoF0yM54KfhbF6rIttrEXqgC/IR9U/qV+dXtQgu/3yWv//ktTWNsph5NbDSRMg=</Signature>
2014/06/16-16:21:31 验证网上支付平台响应报文的签名：正确
2014/06/16-16:21:31 生成交易响应对象：
2014/06/16-16:21:31 交易结果：[0000]
2014/06/16-16:21:31 错误信息：[交易成功]
2014/06/16-16:21:31 交易结束==================================================
                    
                    
                    
                    
2014/06/16-16:21:43 TrustPay Client PHP 交易开始==========================
2014/06/16-16:21:43 配置文件中商户数为1请求指定的商户配置编号为 1
2014/06/16-16:21:43 检查交易请求是否合法：正确
2014/06/16-16:21:43 交易报文
2014/06/16-16:21:43 完整交易报文：
2014/06/16-16:21:43 签名后的报文
2014/06/16-16:21:43 提交网上支付平台的报文：
                    <MSG><Message><Merchant><ECMerchantType>B2C</ECMerchantType><MerchantID>244011500069A01</MerchantID></Merchant><TrxRequest><TrxType>Settle</TrxType><SettleDate>2012/02/20</SettleDate><SettleStartHour>00</SettleStartHour><SettleEndHour>23</SettleEndHour><SettleType>TRXBYHOUR</SettleType><ZIP>YES</ZIP></TrxRequest></Message><Signature-Algorithm>SHA1withRSA</Signature-Algorithm><Signature>C2Xz8Vax2zJrARGDwIFmO6VwFOO4TSD0dA5kesahCi8Kb7mWq+WYV2R7zqAlS2SZ8ZWaIIrwdV83+G4QZ7tpLJ9xWC02gXR/qxmwBnaYDNqP2SNX2eJ4tlxOzNrz55Rh5/mfFxKSGtDhg8lMFjjFLNZBPGpOrkIwmsRRbN+2MyI=</Signature></MSG>
2014/06/16-16:21:43 报文长度：579<br>
2014/06/16-16:21:43 连线网上支付平台
2014/06/16-16:21:43 网上支付平台URL：[https://www.95599.cn/b2c/trustpay/ReceiveMerchantTrxReqServlet] 
2014/06/16-16:21:43 成功
2014/06/16-16:21:43 提交交易报文：
2014/06/16-16:21:43 <MSG><Message><Merchant><ECMerchantType>B2C</ECMerchantType><MerchantID>244011500069A01</MerchantID></Merchant><TrxRequest><TrxType>Settle</TrxType><SettleDate>2012/02/20</SettleDate><SettleStartHour>00</SettleStartHour><SettleEndHour>23</SettleEndHour><SettleType>TRXBYHOUR</SettleType><ZIP>YES</ZIP></TrxRequest></Message><Signature-Algorithm>SHA1withRSA</Signature-Algorithm><Signature>C2Xz8Vax2zJrARGDwIFmO6VwFOO4TSD0dA5kesahCi8Kb7mWq+WYV2R7zqAlS2SZ8ZWaIIrwdV83+G4QZ7tpLJ9xWC02gXR/qxmwBnaYDNqP2SNX2eJ4tlxOzNrz55Rh5/mfFxKSGtDhg8lMFjjFLNZBPGpOrkIwmsRRbN+2MyI=</Signature></MSG>
2014/06/16-16:21:43 成功
2014/06/16-16:21:43 接受到的响应报文：
                    HTTP/1.1 200 OK
                    Date: Mon, 16 Jun 2014 08:21:21 GMT
                    Server: Microsoft-IIS/6.0
                    X-Powered-By: ASP.NET
                    X-AspNet-Version: 2.0.50727
                    Set-Cookie: ASP.NET_SessionId=5xva15zrp1wnb5vpvdwki155; path=/; HttpOnly
                    Cache-Control: private
                    Content-Type: text/html; charset=gb2312
                    Connection: close
                    Set-Cookie: BIGipServerpool_ec_b2c=929360650.56611.0000; path=/
                    
                    <MSG><Message><Merchant><ECMerchantType>B2C</ECMerchantType><MerchantID>244011500069A01</MerchantID></Merchant><TrxResponse><ReturnCode>0000</ReturnCode><ErrorMessage>成功</ErrorMessage><TrxType>Settle</TrxType><SettleDate>2012/02/20</SettleDate><SettleType>TRXBYHOUR</SettleType><NumOfPayments>6</NumOfPayments><SumOfPayAmount>600</SumOfPayAmount><NumOfRefunds>0</NumOfRefunds><SumOfRefundAmount>0</SumOfRefundAmount><ZIPDetailRecords>H4sIAAAAAAAEAO29B2AcSZYlJi9tynt/SvVK1+B0oQiAYBMk2JBAEOzBiM3mkuwdaUcjKasqgcplVmVdZhZAzO2dvPfee++999577733ujudTif33/8/XGZkAWz2zkrayZ4hgKrIHz9+fB8/Ih6/yqdVPTt6Ofryxc7Ozu7uaHdnZ7yzgx/052hvZ3f/7s6nd3c/TXc/fbS3S/97fFff+dG7t3/3/wFt1PHDaAEAAA==</ZIPDetailRecords></TrxResponse></Message><Signature-Algorithm>SHA1withRSA</Signature-Algorithm><Signature>lLDokTZKIVRgc/a7xhzKieQiK3UlRf65YLGsDoR4L3lPIf+7SLfIP2TxOjg/v7WJnanQoOymujr7GN9pfsRoO+o6BLH1QA2Xj6XLB6glGdrCXCYZ+XoFBL6sJP0pmApS0v+CgxRuv09b2+hJa27GhGO7HwNKQi1ULsg9Yjeu5DQ=</Signature></MSG>
2014/06/16-16:21:43 接收报文：
2014/06/16-16:21:43 <Message><Merchant><ECMerchantType>B2C</ECMerchantType><MerchantID>244011500069A01</MerchantID></Merchant><TrxResponse><ReturnCode>0000</ReturnCode><ErrorMessage>成功</ErrorMessage><TrxType>Settle</TrxType><SettleDate>2012/02/20</SettleDate><SettleType>TRXBYHOUR</SettleType><NumOfPayments>6</NumOfPayments><SumOfPayAmount>600</SumOfPayAmount><NumOfRefunds>0</NumOfRefunds><SumOfRefundAmount>0</SumOfRefundAmount><ZIPDetailRecords>H4sIAAAAAAAEAO29B2AcSZYlJi9tynt/SvVK1+B0oQiAYBMk2JBAEOzBiM3mkuwdaUcjKasqgcplVmVdZhZAzO2dvPfee++999577733ujudTif33/8/XGZkAWz2zkrayZ4hgKrIHz9+fB8/Ih6/yqdVPTt6Ofryxc7Ozu7uaHdnZ7yzgx/052hvZ3f/7s6nd3c/TXc/fbS3S/97fFff+dG7t3/3/wFt1PHDaAEAAA==</ZIPDetailRecords></TrxResponse></Message><Signature-Algorithm>SHA1withRSA</Signature-Algorithm><Signature>lLDokTZKIVRgc/a7xhzKieQiK3UlRf65YLGsDoR4L3lPIf+7SLfIP2TxOjg/v7WJnanQoOymujr7GN9pfsRoO+o6BLH1QA2Xj6XLB6glGdrCXCYZ+XoFBL6sJP0pmApS0v+CgxRuv09b2+hJa27GhGO7HwNKQi1ULsg9Yjeu5DQ=</Signature>
2014/06/16-16:21:43 验证网上支付平台响应报文的签名：正确
2014/06/16-16:21:43 生成交易响应对象：
2014/06/16-16:21:43 交易结果：[0000]
2014/06/16-16:21:43 错误信息：[成功]
2014/06/16-16:21:43 交易结束==================================================
                    
                    
                    
                    
2014/06/16-16:25:22 TrustPay Client PHP 交易开始==========================
2014/06/16-16:25:22 配置文件中商户数为1请求指定的商户配置编号为 1
2014/06/16-16:25:22 检查交易请求是否合法：正确
2014/06/16-16:25:22 交易报文
2014/06/16-16:25:22 完整交易报文：
2014/06/16-16:25:22 签名后的报文
2014/06/16-16:25:22 提交网上支付平台的报文：
                    <MSG><Message><Merchant><ECMerchantType>B2C</ECMerchantType><MerchantID>244011500069A01</MerchantID></Merchant><TrxRequest><TrxType>PayReq</TrxType><Order><OrderNo>ON200306300001</OrderNo><ExpiredDate>30</ExpiredDate><OrderAmount>280</OrderAmount><OrderDesc>Game Card Order</OrderDesc><OrderDate>2003/11/12</OrderDate><OrderTime>23:55:30</OrderTime><OrderURL>http://127.0.0.1/Merchant/MerchantQueryOrder.jsp?ON=ON200306300001&QueryType=1</OrderURL><BuyIP>172.30.7.75</BuyIP><OrderItems><OrderItem><ProductID>IP000001</ProductID><ProductName>中国移动ip卡</ProductName><UnitPrice>100.1</UnitPrice><Qty>1</Qty></OrderItem><OrderItem><ProductID>IP000002</ProductID><ProductName>网通ip卡</ProductName><UnitPrice>90.1</UnitPrice><Qty>2</Qty></OrderItem></OrderItems></Order><ProductType>1</ProductType><PaymentType>1</PaymentType><NotifyType>0</NotifyType><ResultNotifyURL>http://127.0.0.1:83/TrustPayClient/demo/MerchantResult.php</ResultNotifyURL><MerchantRemarks>Hi!</MerchantRemarks><PaymentLinkType>1</PaymentLinkType></TrxRequest></Message><Signature-Algorithm>SHA1withRSA</Signature-Algorithm><Signature>diO4AE6+Hnmt2/mGzBvnmUPlrOsrF6u9q/QmzRmroGm29+3L4/bXzM5070GnuTxTsgGQQNtxGJFgsg1HikzYY51pf5G6hnw7ocYH3G4sdw0lmqRXEwhr/dZQY8TetQbuKDN+1u2Hm2DehOxv8WhS7al/AD81/1qFOhNrwC39mfI=</Signature></MSG>
2014/06/16-16:25:22 报文长度：1303<br>
2014/06/16-16:25:22 连线网上支付平台
2014/06/16-16:25:22 网上支付平台URL：[https://www.95599.cn/b2c/trustpay/ReceiveMerchantTrxReqServlet] 
2014/06/16-16:25:22 成功
2014/06/16-16:25:22 提交交易报文：
2014/06/16-16:25:22 <MSG><Message><Merchant><ECMerchantType>B2C</ECMerchantType><MerchantID>244011500069A01</MerchantID></Merchant><TrxRequest><TrxType>PayReq</TrxType><Order><OrderNo>ON200306300001</OrderNo><ExpiredDate>30</ExpiredDate><OrderAmount>280</OrderAmount><OrderDesc>Game Card Order</OrderDesc><OrderDate>2003/11/12</OrderDate><OrderTime>23:55:30</OrderTime><OrderURL>http://127.0.0.1/Merchant/MerchantQueryOrder.jsp?ON=ON200306300001&QueryType=1</OrderURL><BuyIP>172.30.7.75</BuyIP><OrderItems><OrderItem><ProductID>IP000001</ProductID><ProductName>中国移动ip卡</ProductName><UnitPrice>100.1</UnitPrice><Qty>1</Qty></OrderItem><OrderItem><ProductID>IP000002</ProductID><ProductName>网通ip卡</ProductName><UnitPrice>90.1</UnitPrice><Qty>2</Qty></OrderItem></OrderItems></Order><ProductType>1</ProductType><PaymentType>1</PaymentType><NotifyType>0</NotifyType><ResultNotifyURL>http://127.0.0.1:83/TrustPayClient/demo/MerchantResult.php</ResultNotifyURL><MerchantRemarks>Hi!</MerchantRemarks><PaymentLinkType>1</PaymentLinkType></TrxRequest></Message><Signature-Algorithm>SHA1withRSA</Signature-Algorithm><Signature>diO4AE6+Hnmt2/mGzBvnmUPlrOsrF6u9q/QmzRmroGm29+3L4/bXzM5070GnuTxTsgGQQNtxGJFgsg1HikzYY51pf5G6hnw7ocYH3G4sdw0lmqRXEwhr/dZQY8TetQbuKDN+1u2Hm2DehOxv8WhS7al/AD81/1qFOhNrwC39mfI=</Signature></MSG>
2014/06/16-16:25:22 成功
2014/06/16-16:25:22 接受到的响应报文：
                    HTTP/1.1 200 OK
                    Date: Mon, 16 Jun 2014 08:25:00 GMT
                    Server: Microsoft-IIS/6.0
                    X-Powered-By: ASP.NET
                    X-AspNet-Version: 2.0.50727
                    Set-Cookie: ASP.NET_SessionId=alnpu155enr5gx45uqkt0bza; path=/; HttpOnly
                    Cache-Control: private
                    Content-Type: text/html; charset=gb2312
                    Connection: close
                    Set-Cookie: BIGipServerpool_ec_b2c=912583434.56611.0000; path=/
                    
                    <MSG><Message><Merchant><ECMerchantType>B2C</ECMerchantType><MerchantID>244011500069A01</MerchantID></Merchant><TrxResponse><ReturnCode>0000</ReturnCode><ErrorMessage>交易成功</ErrorMessage><TrxType>PayReq</TrxType><OrderNo>ON200306300001</OrderNo><PaymentURL>https://easyabc.95599.cn/b2c/NotCheckStatus/PaymentModeTestAct.ebf?TOKEN=14029068166328071050</PaymentURL><OrderAmount>280</OrderAmount></TrxResponse></Message><Signature-Algorithm>SHA1withRSA</Signature-Algorithm><Signature>y+dJcjTWwi2FxcMAkzscBXtqvhVpNxzjjuy1QobhcuG2QZpAwef05bq4govoKgvJs+XzNqUyEL4/sHmXKwOGVFzzbHc1ugOIXLtmvCB6XGT2IkMwbk91oK8CgPxK4pe1Ln00vmLhDpXBpwPEygCtZR8FSIvIhmKg8+QADEsD4WI=</Signature></MSG>
2014/06/16-16:25:22 接收报文：
2014/06/16-16:25:22 <Message><Merchant><ECMerchantType>B2C</ECMerchantType><MerchantID>244011500069A01</MerchantID></Merchant><TrxResponse><ReturnCode>0000</ReturnCode><ErrorMessage>交易成功</ErrorMessage><TrxType>PayReq</TrxType><OrderNo>ON200306300001</OrderNo><PaymentURL>https://easyabc.95599.cn/b2c/NotCheckStatus/PaymentModeTestAct.ebf?TOKEN=14029068166328071050</PaymentURL><OrderAmount>280</OrderAmount></TrxResponse></Message><Signature-Algorithm>SHA1withRSA</Signature-Algorithm><Signature>y+dJcjTWwi2FxcMAkzscBXtqvhVpNxzjjuy1QobhcuG2QZpAwef05bq4govoKgvJs+XzNqUyEL4/sHmXKwOGVFzzbHc1ugOIXLtmvCB6XGT2IkMwbk91oK8CgPxK4pe1Ln00vmLhDpXBpwPEygCtZR8FSIvIhmKg8+QADEsD4WI=</Signature>
2014/06/16-16:25:22 验证网上支付平台响应报文的签名：正确
2014/06/16-16:25:22 生成交易响应对象：
2014/06/16-16:25:22 交易结果：[0000]
2014/06/16-16:25:22 错误信息：[交易成功]
2014/06/16-16:25:22 交易结束==================================================
                    
                    
                    
                    