正确
                    HTTP/1.1 200 OK
                    Date: Thu, 30 Oct 2014 07:45:23 GMT
                    Server: Microsoft-IIS/6.0
                    X-AspNet-Version: 2.0.50727
                    Set-Cookie: ASP.NET_SessionId=1c0wje55pzdikxfpcmfokk55; path=/; HttpOnly
                    Cache-Control: private
                    Content-Type: text/html; charset=gb2312
                    Connection: close
                    Set-Cookie: BIGipServerpool_ec_b2c=2522475274.56611.0000; path=/
                    
                    <MSG><Message><Merchant><ECMerchantType>B2C</ECMerchantType><MerchantID>244011500069A01</MerchantID></Merchant><TrxResponse><ReturnCode>0000</ReturnCode><ErrorMessage>交易成功</ErrorMessage><TrxType>PayReq</TrxType><OrderNo>2014103060733</OrderNo><PaymentURL>https://easyabc.95599.cn/b2c/NotCheckStatus/PaymentModeNewAct.ebf?TOKEN=14146551229997961278</PaymentURL><OrderAmount>78.00</OrderAmount></TrxResponse></Message><Signature-Algorithm>SHA1withRSA</Signature-Algorithm><Signature>4NnZAAmj/BC+YMbZdAbTCIdNShqQD3kp3kZqE/hS/GN6sf6lb5XdHGF5o6TUnQDOoG3HOZbQTPSKGZWCjIJH0wuRs+r5xEXKhXpT796+/AYHoVSTvPrWHrBgPeCLpAWwCQjJW9rYIOiPyTpXlLTWQOXn1Dpm50KOwX9OONeWYho=</Signature></MSG>正确正确
                    HTTP/1.1 200 OK
                    Date: Thu, 30 Oct 2014 07:49:46 GMT
                    Server: Microsoft-IIS/6.0
                    X-Powered-By: ASP.NET
                    X-AspNet-Version: 2.0.50727
                    Set-Cookie: ASP.NET_SessionId=viqauw2hduonafyir2upu2a3; path=/; HttpOnly
                    Cache-Control: private
                    Content-Type: text/html; charset=gb2312
                    Connection: close
                    Set-Cookie: BIGipServerpool_ec_b2c=929360650.56355.0000; path=/
                    
                    <MSG><Message><Merchant><ECMerchantType>B2C</ECMerchantType><MerchantID>244011500069A01</MerchantID></Merchant><TrxResponse><ReturnCode>0000</ReturnCode><ErrorMessage>交易成功</ErrorMessage><TrxType>PayReq</TrxType><OrderNo>2014103012842</OrderNo><PaymentURL>https://easyabc.95599.cn/b2c/NotCheckStatus/PaymentModeNewAct.ebf?TOKEN=14146553862858467543</PaymentURL><OrderAmount>78.00</OrderAmount></TrxResponse></Message><Signature-Algorithm>SHA1withRSA</Signature-Algorithm><Signature>5XGUcO+gKu5fG10dOMFS3NGJ0SqTMtGetWHkOLfnP/IyN8yDEYiuOwZNowvM8k+LHKCy5umRUv7yyeTly6QF7VLNU4rwNsy//QM3aOMwl7ufym+gbqO1mUIpZEKflv6UCcx6CUGrGRPY5W7u4BJr4TAS8kLC3IpiOKMTGynA9gY=</Signature></MSG>正确正确
                    HTTP/1.1 200 OK
                    Date: Thu, 30 Oct 2014 07:51:55 GMT
                    Server: Microsoft-IIS/6.0
                    X-Powered-By: ASP.NET
                    X-AspNet-Version: 2.0.50727
                    Set-Cookie: ASP.NET_SessionId=53ov1im5f5wvrnqolujzhr45; path=/; HttpOnly
                    Cache-Control: private
                    Content-Type: text/html; charset=gb2312
                    Connection: close
                    Set-Cookie: BIGipServerpool_ec_b2c=929360650.56355.0000; path=/
                    
                    <MSG><Message><Merchant><ECMerchantType>B2C</ECMerchantType><MerchantID>244011500069A01</MerchantID></Merchant><TrxResponse><ReturnCode>0000</ReturnCode><ErrorMessage>交易成功</ErrorMessage><TrxType>PayReq</TrxType><OrderNo>2014103021634</OrderNo><PaymentURL>https://easyabc.95599.cn/b2c/NotCheckStatus/PaymentModeNewAct.ebf?TOKEN=14146555159081042708</PaymentURL><OrderAmount>78.00</OrderAmount></TrxResponse></Message><Signature-Algorithm>SHA1withRSA</Signature-Algorithm><Signature>uzKSNzw7hpuFl9K2iWDAfa3I+nnRQym1LmsEaPaBiYbStasDvADtVLq4cQ9rIQdS+knsw4EwFzjEkibz7LBIgnpKPbdJwuKiZFFKXTWS7l3u5Q+D8+BeReHrsvNnDmY7krzPbFr+6d7tOrpY6P6pukV1XIw5z3SV372Jm3FZvwo=</Signature></MSG>正确正确
                    HTTP/1.1 200 OK
                    Date: Thu, 30 Oct 2014 07:58:19 GMT
                    Server: Microsoft-IIS/6.0
                    X-Powered-By: ASP.NET
                    X-AspNet-Version: 2.0.50727
                    Set-Cookie: ASP.NET_SessionId=1mp1df45ao2wqh55cfgoo4bn; path=/; HttpOnly
                    Cache-Control: private
                    Content-Type: text/html; charset=gb2312
                    Connection: close
                    Set-Cookie: BIGipServerpool_ec_b2c=946137866.56355.0000; path=/
                    
                    <MSG><Message><Merchant><ECMerchantType>B2C</ECMerchantType><MerchantID>244011500069A01</MerchantID></Merchant><TrxResponse><ReturnCode>0000</ReturnCode><ErrorMessage>交易成功</ErrorMessage><TrxType>PayReq</TrxType><OrderNo>2014103006556</OrderNo><PaymentURL>https://easyabc.95599.cn/b2c/NotCheckStatus/PaymentModeNewAct.ebf?TOKEN=14146558999676849353</PaymentURL><OrderAmount>78.00</OrderAmount></TrxResponse></Message><Signature-Algorithm>SHA1withRSA</Signature-Algorithm><Signature>2jmlSDIuDtvApUrZk+3aRd/H1PnH79QIrnGJO5rWWsAkVq6rJu4s1Mhiy6U3tJ0gjzTlG+zEsK+Cx9GHDmhzhS3T+4Q9//KQCFrfNVFhpeugy3fk9upS6x4zxg7i/M/hcxZ9MUBrBXmNnvxW/NmYu3+dIxCa7Bbfv/NC1q7QeVQ=</Signature></MSG>正确正确
                    HTTP/1.1 200 OK
                    Date: Thu, 30 Oct 2014 08:00:21 GMT
                    Server: Microsoft-IIS/6.0
                    X-Powered-By: ASP.NET
                    X-AspNet-Version: 2.0.50727
                    Set-Cookie: ASP.NET_SessionId=aynpexeuvs4p3u45045kk345; path=/; HttpOnly
                    Cache-Control: private
                    Content-Type: text/html; charset=gb2312
                    Connection: close
                    Set-Cookie: BIGipServerpool_ec_b2c=946137866.56355.0000; path=/
                    
                    <MSG><Message><Merchant><ECMerchantType>B2C</ECMerchantType><MerchantID>244011500069A01</MerchantID></Merchant><TrxResponse><ReturnCode>0000</ReturnCode><ErrorMessage>交易成功</ErrorMessage><TrxType>PayReq</TrxType><OrderNo>2014103091177</OrderNo><PaymentURL>https://easyabc.95599.cn/b2c/NotCheckStatus/PaymentModeNewAct.ebf?TOKEN=14146560219673909823</PaymentURL><OrderAmount>78.00</OrderAmount></TrxResponse></Message><Signature-Algorithm>SHA1withRSA</Signature-Algorithm><Signature>aU/OvuUJGWkYxo6dloUHTSf0Hr1t/ZSspwfJK/rnk1ZHiaMY2AXK8P3Lg7DQYORj2pcsPB8r2oKjbK7govRfGp0SnjAJyRARqy9No9N3ADKwZkZ/EZEDsVqx745dQvNFdrWuo3XSOtWJkIZgbtnXzINtuWZ4aqiqdYpY4WXpGfk=</Signature></MSG>正确正确
                    HTTP/1.1 200 OK
                    Date: Thu, 30 Oct 2014 08:02:37 GMT
                    Server: Microsoft-IIS/6.0
                    X-Powered-By: ASP.NET
                    X-AspNet-Version: 2.0.50727
                    Set-Cookie: ASP.NET_SessionId=r50h0t45gvlurdi1xs5ukiqw; path=/; HttpOnly
                    Cache-Control: private
                    Content-Type: text/html; charset=gb2312
                    Connection: close
                    Set-Cookie: BIGipServerpool_ec_b2c=946137866.56355.0000; path=/
                    
                    <MSG><Message><Merchant><ECMerchantType>B2C</ECMerchantType><MerchantID>244011500069A01</MerchantID></Merchant><TrxResponse><ReturnCode>0000</ReturnCode><ErrorMessage>交易成功</ErrorMessage><TrxType>PayReq</TrxType><OrderNo>2014103066607</OrderNo><PaymentURL>https://easyabc.95599.cn/b2c/NotCheckStatus/PaymentModeNewAct.ebf?TOKEN=14146561575443297964</PaymentURL><OrderAmount>78.00</OrderAmount></TrxResponse></Message><Signature-Algorithm>SHA1withRSA</Signature-Algorithm><Signature>Ka/nNDEqLKeQtEzMiAjpHeouwU7vGr/N+BGB7LUofP7IANv/Y4WTsHjsYMi4s0IlB/P2rfft5b2LnqzlJwpuOCNG5h0vFFGNw7IcuI5wDLYHY8zHAbXcJF4ves1OasentuXNI102Qb57M0i/WBrVzyEh04GuoIldgshZXTpbMzI=</Signature></MSG>正确正确
                    HTTP/1.1 200 OK
                    Date: Thu, 30 Oct 2014 08:06:11 GMT
                    Server: Microsoft-IIS/6.0
                    X-Powered-By: ASP.NET
                    X-AspNet-Version: 2.0.50727
                    Set-Cookie: ASP.NET_SessionId=wzi50kqpmppl5455qiusbr45; path=/; HttpOnly
                    Cache-Control: private
                    Content-Type: text/html; charset=gb2312
                    Connection: close
                    Set-Cookie: BIGipServerpool_ec_b2c=946137866.56355.0000; path=/
                    
                    <MSG><Message><Merchant><ECMerchantType>B2C</ECMerchantType><MerchantID>244011500069A01</MerchantID></Merchant><TrxResponse><ReturnCode>0000</ReturnCode><ErrorMessage>交易成功</ErrorMessage><TrxType>PayReq</TrxType><OrderNo>2014103004581</OrderNo><PaymentURL>https://easyabc.95599.cn/b2c/NotCheckStatus/PaymentModeNewAct.ebf?TOKEN=14146563713865406340</PaymentURL><OrderAmount>78.00</OrderAmount></TrxResponse></Message><Signature-Algorithm>SHA1withRSA</Signature-Algorithm><Signature>4QlOtJ+nJYzHgAb8caYP8zeAIz+A6Q9eZlsNnjKzf2h7eMV8eHRmLDHDmJIo9AXvmzRItcemoMxi/r34QgMqxO+Lqed+omM34SKx9Z0qx50SeK5j+/zLSpMmEiULHfGyOchNRAYq2zGJ6LEc+Lum6Omu8W2Fx6T/5EfaX5obf6o=</Signature></MSG>正确正确
                    HTTP/1.1 200 OK
                    Date: Thu, 30 Oct 2014 08:07:45 GMT
                    Server: Microsoft-IIS/6.0
                    X-Powered-By: ASP.NET
                    X-AspNet-Version: 2.0.50727
                    Set-Cookie: ASP.NET_SessionId=nalsvn23kuh3qm55dq41n2ay; path=/; HttpOnly
                    Cache-Control: private
                    Content-Type: text/html; charset=gb2312
                    Connection: close
                    Set-Cookie: BIGipServerpool_ec_b2c=946137866.56355.0000; path=/
                    
                    <MSG><Message><Merchant><ECMerchantType>B2C</ECMerchantType><MerchantID>244011500069A01</MerchantID></Merchant><TrxResponse><ReturnCode>0000</ReturnCode><ErrorMessage>交易成功</ErrorMessage><TrxType>PayReq</TrxType><OrderNo>2014103088430</OrderNo><PaymentURL>https://easyabc.95599.cn/b2c/NotCheckStatus/PaymentModeNewAct.ebf?TOKEN=14146564653861867202</PaymentURL><OrderAmount>78.00</OrderAmount></TrxResponse></Message><Signature-Algorithm>SHA1withRSA</Signature-Algorithm><Signature>y1cBgKjQ6tkL6YD3r5h5Scs9Fgccsxt9rH+7t50g05WEn2e1bYhRnQ6vDs1WvlKKB7Vv0hPyIugrWfEki03lPL6BCs8cN2SUUy0glaFu8g5AVJ1KnXCnDotzDWOlIIDTO62sTZjTGGVvLtfyXrC6i6dEguSFfVKTgSr+zzAqFmg=</Signature></MSG>正确正确
                    HTTP/1.1 200 OK
                    Date: Thu, 30 Oct 2014 08:09:20 GMT
                    Server: Microsoft-IIS/6.0
                    X-Powered-By: ASP.NET
                    X-AspNet-Version: 2.0.50727
                    Set-Cookie: ASP.NET_SessionId=jcod4455aocoht55x3bmm445; path=/; HttpOnly
                    Cache-Control: private
                    Content-Type: text/html; charset=gb2312
                    Connection: close
                    Set-Cookie: BIGipServerpool_ec_b2c=946137866.56355.0000; path=/
                    
                    <MSG><Message><Merchant><ECMerchantType>B2C</ECMerchantType><MerchantID>244011500069A01</MerchantID></Merchant><TrxResponse><ReturnCode>0000</ReturnCode><ErrorMessage>交易成功</ErrorMessage><TrxType>PayReq</TrxType><OrderNo>2014103069845</OrderNo><PaymentURL>https://easyabc.95599.cn/b2c/NotCheckStatus/PaymentModeNewAct.ebf?TOKEN=14146565609320108771</PaymentURL><OrderAmount>78.00</OrderAmount></TrxResponse></Message><Signature-Algorithm>SHA1withRSA</Signature-Algorithm><Signature>pijd3ISOVlb8LucqsBzdm6xIFvOI32MEkACUt58HAtMeqRQxh+vIokUeCYOCaCEBa9CPdZexVe7/+YDOyJaSyzM/BDy2Hpwwg2WVLOiX3vMMOgN6kGu4V8R3G6W9Z8qo/8fiq7Ga+WOjSVFYADj7BtQIGsqIyD6de9y1b3ICv48=</Signature></MSG>正确正确
                    HTTP/1.1 200 OK
                    Date: Thu, 30 Oct 2014 08:12:07 GMT
                    Server: Microsoft-IIS/6.0
                    X-Powered-By: ASP.NET
                    X-AspNet-Version: 2.0.50727
                    Set-Cookie: ASP.NET_SessionId=10ccg1ylbrvg3suhgovlfu55; path=/; HttpOnly
                    Cache-Control: private
                    Content-Type: text/html; charset=gb2312
                    Connection: close
                    Set-Cookie: BIGipServerpool_ec_b2c=946137866.56355.0000; path=/
                    
                    <MSG><Message><Merchant><ECMerchantType>B2C</ECMerchantType><MerchantID>244011500069A01</MerchantID></Merchant><TrxResponse><ReturnCode>0000</ReturnCode><ErrorMessage>交易成功</ErrorMessage><TrxType>PayReq</TrxType><OrderNo>2014103001456</OrderNo><PaymentURL>https://easyabc.95599.cn/b2c/NotCheckStatus/PaymentModeNewAct.ebf?TOKEN=14146567271810928031</PaymentURL><OrderAmount>78.00</OrderAmount></TrxResponse></Message><Signature-Algorithm>SHA1withRSA</Signature-Algorithm><Signature>TcA7pp3+tdbpgyvieeZ9tLtBhtPa6RyteTEIXpjtAaCKSfFjhnrSitirY57vFoFzrZXPu1WoYPVunZgEWfQHbszm9WklFG0vpHyMtAORRSGzjChrbtosUm499M+VgIrG804APihHsQDodPz8C6RNl6BBIbHGi4xJD4wfEoaajwc=</Signature></MSG>正确正确
                    HTTP/1.1 200 OK
                    Date: Thu, 30 Oct 2014 08:17:45 GMT
                    Server: Microsoft-IIS/6.0
                    X-Powered-By: ASP.NET
                    X-AspNet-Version: 2.0.50727
                    Set-Cookie: ASP.NET_SessionId=gq1sg255xolvid55jbrz5255; path=/; HttpOnly
                    Cache-Control: private
                    Content-Type: text/html; charset=gb2312
                    Connection: close
                    Set-Cookie: BIGipServerpool_ec_b2c=1046801162.56611.0000; path=/
                    
                    <MSG><Message><Merchant><ECMerchantType>B2C</ECMerchantType><MerchantID>244011500069A01</MerchantID></Merchant><TrxResponse><ReturnCode>0000</ReturnCode><ErrorMessage>交易成功</ErrorMessage><TrxType>PayReq</TrxType><OrderNo>2014103094448</OrderNo><PaymentURL>https://easyabc.95599.cn/b2c/NotCheckStatus/PaymentModeNewAct.ebf?TOKEN=14146570656631862496</PaymentURL><OrderAmount>78.00</OrderAmount></TrxResponse></Message><Signature-Algorithm>SHA1withRSA</Signature-Algorithm><Signature>mzZPp2nH5p0mPV2lsqxHDiC+aZaOkP3iu/TVEaw0Z5ysz8TkKW6fZbvNexJJNvottxlXwi4euKJEOUsvNSy7TzFjLRWEwjdobT6oAPELkR/Z4ZY97s3rEQqwe5WeXSjcfyvh5OKw8a3gym77/04UB3cXuzmlAO69MH40DPPErwk=</Signature></MSG>正确正确
                    HTTP/1.1 200 OK
                    Date: Thu, 30 Oct 2014 08:19:09 GMT
                    Server: Microsoft-IIS/6.0
                    X-Powered-By: ASP.NET
                    X-AspNet-Version: 2.0.50727
                    Set-Cookie: ASP.NET_SessionId=hgmbgy555czdbtfxg22dtjjy; path=/; HttpOnly
                    Cache-Control: private
                    Content-Type: text/html; charset=gb2312
                    Connection: close
                    Set-Cookie: BIGipServerpool_ec_b2c=1046801162.56611.0000; path=/
                    
                    <MSG><Message><Merchant><ECMerchantType>B2C</ECMerchantType><MerchantID>244011500069A01</MerchantID></Merchant><TrxResponse><ReturnCode>0000</ReturnCode><ErrorMessage>交易成功</ErrorMessage><TrxType>PayReq</TrxType><OrderNo>2014103004905</OrderNo><PaymentURL>https://easyabc.95599.cn/b2c/NotCheckStatus/PaymentModeNewAct.ebf?TOKEN=14146571491315929709</PaymentURL><OrderAmount>78.00</OrderAmount></TrxResponse></Message><Signature-Algorithm>SHA1withRSA</Signature-Algorithm><Signature>FlKBmyDUEHxh2/jys1Wg2MzXPQJW9MqvDMHDXfiwAafapFNdO4KePrm9o+Z2mKfJU+KFFLQyvM27c1OPGiY6EnagJcoa5Ri11vjV7hmsADOTa2KbZjUWGoUlDMsfFTtAoOXfS1ld19iniS8mDBbVWybJpMNYGoMFrPPTCLn4Ysc=</Signature></MSG>正确正确
                    HTTP/1.1 200 OK
                    Date: Thu, 30 Oct 2014 08:20:52 GMT
                    Server: Microsoft-IIS/6.0
                    X-Powered-By: ASP.NET
                    X-AspNet-Version: 2.0.50727
                    Set-Cookie: ASP.NET_SessionId=l0vriy45rmmezd55ttvjdemc; path=/; HttpOnly
                    Cache-Control: private
                    Content-Type: text/html; charset=gb2312
                    Connection: close
                    Set-Cookie: BIGipServerpool_ec_b2c=1046801162.56611.0000; path=/
                    
                    <MSG><Message><Merchant><ECMerchantType>B2C</ECMerchantType><MerchantID>244011500069A01</MerchantID></Merchant><TrxResponse><ReturnCode>0000</ReturnCode><ErrorMessage>交易成功</ErrorMessage><TrxType>PayReq</TrxType><OrderNo>2014103096774</OrderNo><PaymentURL>https://easyabc.95599.cn/b2c/NotCheckStatus/PaymentModeNewAct.ebf?TOKEN=14146572520996227130</PaymentURL><OrderAmount>78.00</OrderAmount></TrxResponse></Message><Signature-Algorithm>SHA1withRSA</Signature-Algorithm><Signature>7ZhNsjRzWX4XCBpiElycGvaZkF90+WkuaXIRXgH55tLNIxpkfyCIIM1fePG8dwf+P4fEL491UbpJ9CvbO8ZMItFKsfSz7F5fMSpQWYtRkKeEZcPo0qnWhLlCk1DFceMsZiPiH5RhRQoUvTo3JHM0ST75DeOgv6HFLezLHqXZVPg=</Signature></MSG>正确正确
                    HTTP/1.1 200 OK
                    Date: Thu, 30 Oct 2014 08:23:05 GMT
                    Server: Microsoft-IIS/6.0
                    X-Powered-By: ASP.NET
                    X-AspNet-Version: 2.0.50727
                    Set-Cookie: ASP.NET_SessionId=n4wc1zaj4tsgea2pb50enc55; path=/; HttpOnly
                    Cache-Control: private
                    Content-Type: text/html; charset=gb2312
                    Connection: close
                    Set-Cookie: BIGipServerpool_ec_b2c=1046801162.56611.0000; path=/
                    
                    <MSG><Message><Merchant><ECMerchantType>B2C</ECMerchantType><MerchantID>244011500069A01</MerchantID></Merchant><TrxResponse><ReturnCode>0000</ReturnCode><ErrorMessage>交易成功</ErrorMessage><TrxType>PayReq</TrxType><OrderNo>2014103000196</OrderNo><PaymentURL>https://easyabc.95599.cn/b2c/NotCheckStatus/PaymentModeNewAct.ebf?TOKEN=14146573855519726648</PaymentURL><OrderAmount>78.00</OrderAmount></TrxResponse></Message><Signature-Algorithm>SHA1withRSA</Signature-Algorithm><Signature>6B6lhXCxGrzydvSk+3T3sIdHj0dxYuhoDe69votXqD8LJ/gudvt7o0un7P0IbHx3b5ngJ7WJThtR6dx73fcpi/bPf9RUmMpeulh/rdu1UL8tFIVo7psXYwWEV/M/W2I0pqC8n96ig8/44XhqNWnCRgTp3/MzwB3xA8ZV7a4ku6E=</Signature></MSG>正确正确
                    HTTP/1.1 200 OK
                    Date: Thu, 30 Oct 2014 08:46:18 GMT
                    Server: Microsoft-IIS/6.0
                    X-AspNet-Version: 2.0.50727
                    Set-Cookie: ASP.NET_SessionId=dyfgxsnupf1n1255fuw5jk55; path=/; HttpOnly
                    Cache-Control: private
                    Content-Type: text/html; charset=gb2312
                    Connection: close
                    Set-Cookie: BIGipServerpool_ec_b2c=2539252490.56611.0000; path=/
                    
                    <MSG><Message><Merchant><ECMerchantType>B2C</ECMerchantType><MerchantID>244011500069A01</MerchantID></Merchant><TrxResponse><ReturnCode>0000</ReturnCode><ErrorMessage>交易成功</ErrorMessage><TrxType>PayReq</TrxType><OrderNo>2014103008399</OrderNo><PaymentURL>https://easyabc.95599.cn/b2c/NotCheckStatus/PaymentModeNewAct.ebf?TOKEN=14146587787220593261</PaymentURL><OrderAmount>78.00</OrderAmount></TrxResponse></Message><Signature-Algorithm>SHA1withRSA</Signature-Algorithm><Signature>GvfmMbo+lun9TSdsHXsXfGlG0d3+01VHph5xylzjPlbNr0jLLxbIQ9A8Ict9I/cCruL1gwgaX42RHzHETjZH8NHUVkeGUlS87UwaAB7vM7dyz9uZCnS5+cQ3gt+Xh3Yci2hMkfQzDoPIatFPhXCfZuNY8KD3CLSILb735QXSmt0=</Signature></MSG>正确正确
                    HTTP/1.1 200 OK
                    Date: Thu, 30 Oct 2014 08:49:01 GMT
                    Server: Microsoft-IIS/6.0
                    X-AspNet-Version: 2.0.50727
                    Set-Cookie: ASP.NET_SessionId=ddjljd55nxqv0i55lb0qypak; path=/; HttpOnly
                    Cache-Control: private
                    Content-Type: text/html; charset=gb2312
                    Connection: close
                    Set-Cookie: BIGipServerpool_ec_b2c=2539252490.56611.0000; path=/
                    
                    <MSG><Message><Merchant><ECMerchantType>B2C</ECMerchantType><MerchantID>244011500069A01</MerchantID></Merchant><TrxResponse><ReturnCode>0000</ReturnCode><ErrorMessage>交易成功</ErrorMessage><TrxType>PayReq</TrxType><OrderNo>2014103002311</OrderNo><PaymentURL>https://easyabc.95599.cn/b2c/NotCheckStatus/PaymentModeNewAct.ebf?TOKEN=14146589412109356029</PaymentURL><OrderAmount>78.00</OrderAmount></TrxResponse></Message><Signature-Algorithm>SHA1withRSA</Signature-Algorithm><Signature>YfRyxChsxFLJP22LgkWVpVu/Ah9XW52oRVilGsbfRWwVrXXEkUFwwsH2VH5Rk8YoKToeYOn46pR9b4jyc+emQuzHRHKN4y6D/dKs7EiSkDu3e6m8tF8T4unfjLTuddGR13gLy9NP8IPqN8WCpxx4jWNt3OHJRK1hO88tSj7ElbU=</Signature></MSG>正确正确
                    HTTP/1.1 200 OK
                    Date: Thu, 30 Oct 2014 08:50:48 GMT
                    Server: Microsoft-IIS/6.0
                    X-AspNet-Version: 2.0.50727
                    Set-Cookie: ASP.NET_SessionId=v4d1k3mhyc3iedzsxmqiux55; path=/; HttpOnly
                    Cache-Control: private
                    Content-Type: text/html; charset=gb2312
                    Connection: close
                    Set-Cookie: BIGipServerpool_ec_b2c=2539252490.56611.0000; path=/
                    
                    <MSG><Message><Merchant><ECMerchantType>B2C</ECMerchantType><MerchantID>244011500069A01</MerchantID></Merchant><TrxResponse><ReturnCode>0000</ReturnCode><ErrorMessage>交易成功</ErrorMessage><TrxType>PayReq</TrxType><OrderNo>2014103081454</OrderNo><PaymentURL>https://easyabc.95599.cn/b2c/NotCheckStatus/PaymentModeNewAct.ebf?TOKEN=14146590481354614233</PaymentURL><OrderAmount>78.00</OrderAmount></TrxResponse></Message><Signature-Algorithm>SHA1withRSA</Signature-Algorithm><Signature>ZkieFyhCWt16jdTSXjxKsKwI7wrX6XENwqJy2Dj3NMNcrDx6GCRU1qtJ7GHoephoVkPAy2Ii+p+z+DumRrsnjKdZeGQlfP8rcRfLB+0DSpCwavxTZj/YgFlJY21FqXskfocjBQ1uXO7gWdkCBW8xrojtyH/67DlY6PfL37Uwlk4=</Signature></MSG>正确正确
                    HTTP/1.1 200 OK
                    Date: Thu, 30 Oct 2014 08:52:51 GMT
                    Server: Microsoft-IIS/6.0
                    X-AspNet-Version: 2.0.50727
                    Set-Cookie: ASP.NET_SessionId=byid5x45dobqdluie4pf0v45; path=/; HttpOnly
                    Cache-Control: private
                    Content-Type: text/html; charset=gb2312
                    Connection: close
                    Set-Cookie: BIGipServerpool_ec_b2c=2539252490.56611.0000; path=/
                    
                    <MSG><Message><Merchant><ECMerchantType>B2C</ECMerchantType><MerchantID>244011500069A01</MerchantID></Merchant><TrxResponse><ReturnCode>0000</ReturnCode><ErrorMessage>交易成功</ErrorMessage><TrxType>PayReq</TrxType><OrderNo>2014103016013</OrderNo><PaymentURL>https://easyabc.95599.cn/b2c/NotCheckStatus/PaymentModeNewAct.ebf?TOKEN=14146591712168377953</PaymentURL><OrderAmount>78.00</OrderAmount></TrxResponse></Message><Signature-Algorithm>SHA1withRSA</Signature-Algorithm><Signature>nYMQSRxRPwTkx4biyvMTuVkgdyaLN5zKgBOFRDZJTzFqA5/sJoEWC8xcDDNdUl1VnhJ57KCORWHFeOBqChpcuro1UYVCNbe0N/AyTV1ExoXrrvJT7hVB3lyAuincOSvH0bNA9uXMfdetbRqAtfJg/c3p52WIJafGtRRmngrlkbc=</Signature></MSG>正确正确
                    HTTP/1.1 200 OK
                    Date: Thu, 30 Oct 2014 08:54:26 GMT
                    Server: Microsoft-IIS/6.0
                    X-AspNet-Version: 2.0.50727
                    Set-Cookie: ASP.NET_SessionId=kwexaq2jbsv2a4552h1fqv55; path=/; HttpOnly
                    Cache-Control: private
                    Content-Type: text/html; charset=gb2312
                    Connection: close
                    Set-Cookie: BIGipServerpool_ec_b2c=2539252490.56611.0000; path=/
                    
                    <MSG><Message><Merchant><ECMerchantType>B2C</ECMerchantType><MerchantID>244011500069A01</MerchantID></Merchant><TrxResponse><ReturnCode>0000</ReturnCode><ErrorMessage>交易成功</ErrorMessage><TrxType>PayReq</TrxType><OrderNo>2014103025611</OrderNo><PaymentURL>https://easyabc.95599.cn/b2c/NotCheckStatus/PaymentModeNewAct.ebf?TOKEN=14146592661250237694</PaymentURL><OrderAmount>78.00</OrderAmount></TrxResponse></Message><Signature-Algorithm>SHA1withRSA</Signature-Algorithm><Signature>P+hYtT5uKeNgsG6dLkA8Y9ROHbr1G0hdwZfvW5FLbBK0V2Q0jvcdat1XIXHpdxg5CYv/BJST1Ka6vVgbk2XnflDFsm2Quu1nWXTQVFHZ4vSUvMUqEDYNJFE6K92SprmRxoLOEpvV3jc5bWKeJG9/k75TdE00s8ULp6/g2diWdTc=</Signature></MSG>正确正确
                    HTTP/1.1 200 OK
                    Date: Thu, 30 Oct 2014 08:58:43 GMT
                    Server: Microsoft-IIS/6.0
                    X-AspNet-Version: 2.0.50727
                    Set-Cookie: ASP.NET_SessionId=fkpfxe55m0c3ps45s0jknji1; path=/; HttpOnly
                    Cache-Control: private
                    Content-Type: text/html; charset=gb2312
                    Connection: close
                    Set-Cookie: BIGipServerpool_ec_b2c=2539252490.56611.0000; path=/
                    
                    <MSG><Message><Merchant><ECMerchantType>B2C</ECMerchantType><MerchantID>244011500069A01</MerchantID></Merchant><TrxResponse><ReturnCode>0000</ReturnCode><ErrorMessage>交易成功</ErrorMessage><TrxType>PayReq</TrxType><OrderNo>2014103080829</OrderNo><PaymentURL>https://easyabc.95599.cn/b2c/NotCheckStatus/PaymentModeNewAct.ebf?TOKEN=14146595238667697936</PaymentURL><OrderAmount>78.00</OrderAmount></TrxResponse></Message><Signature-Algorithm>SHA1withRSA</Signature-Algorithm><Signature>7FNbZ8+ydWxKwqXcrUsaTUmDLZNEfeCaaasKgXha4F3+nMYGQA2foiZh3beDQ57UB9dLPNKzFBwn4k0eN6ec0HfVMbXf0l15gqxZwhAvP7Bk8wExMkw9wc0lO3z9/qTVjNc35JME4tO9RGKWDaNVH+ax8mmbll8r8DJ+NB1ZtEY=</Signature></MSG>正确正确
                    HTTP/1.1 200 OK
                    Date: Thu, 30 Oct 2014 09:01:27 GMT
                    Server: Microsoft-IIS/6.0
                    X-AspNet-Version: 2.0.50727
                    Set-Cookie: ASP.NET_SessionId=h3iyib5542sxukeorsy2ai2v; path=/; HttpOnly
                    Cache-Control: private
                    Content-Type: text/html; charset=gb2312
                    Connection: close
                    Set-Cookie: BIGipServerpool_ec_b2c=2539252490.56611.0000; path=/
                    
                    <MSG><Message><Merchant><ECMerchantType>B2C</ECMerchantType><MerchantID>244011500069A01</MerchantID></Merchant><TrxResponse><ReturnCode>0000</ReturnCode><ErrorMessage>交易成功</ErrorMessage><TrxType>PayReq</TrxType><OrderNo>2014103084265</OrderNo><PaymentURL>https://easyabc.95599.cn/b2c/NotCheckStatus/PaymentModeNewAct.ebf?TOKEN=14146596877768761161</PaymentURL><OrderAmount>78.00</OrderAmount></TrxResponse></Message><Signature-Algorithm>SHA1withRSA</Signature-Algorithm><Signature>niNzQJqLs54xWvbuyg4Nx1gW0UeYFtWf5PbY8bUL0wSmn6updbFUL6RLFo5PthJdoz/MDpZED339hJ+tC+EbDtLBq+FX1Bcbc9+FR2mE2UwIXJGHO7TWeAwuPqUCyU2vx7T+Q1itu62dHuaRl2vV7zTM3Gm6lcQNWLs+dJZYVDI=</Signature></MSG>正确正确
                    HTTP/1.1 200 OK
                    Date: Thu, 30 Oct 2014 09:04:32 GMT
                    Server: Microsoft-IIS/6.0
                    X-AspNet-Version: 2.0.50727
                    Set-Cookie: ASP.NET_SessionId=otiq0s45kferwxbraidrku2s; path=/; HttpOnly
                    Cache-Control: private
                    Content-Type: text/html; charset=gb2312
                    Connection: close
                    Set-Cookie: BIGipServerpool_ec_b2c=2539252490.56611.0000; path=/
                    
                    <MSG><Message><Merchant><ECMerchantType>B2C</ECMerchantType><MerchantID>244011500069A01</MerchantID></Merchant><TrxResponse><ReturnCode>0000</ReturnCode><ErrorMessage>交易成功</ErrorMessage><TrxType>PayReq</TrxType><OrderNo>2014103072845</OrderNo><PaymentURL>https://easyabc.95599.cn/b2c/NotCheckStatus/PaymentModeNewAct.ebf?TOKEN=14146598723595466276</PaymentURL><OrderAmount>78.00</OrderAmount></TrxResponse></Message><Signature-Algorithm>SHA1withRSA</Signature-Algorithm><Signature>xjPr1HSdonISGkwMy6EvB3Ymgab+QufQ75XNCsEIdhf0qnpolPtd5wso4a4M0cdMLsMIVAqNWhOelBg+wFLVkn1xa2RZaEJu6WRQ5kbzAchcpkw52paFW14+Ke16mj3VlUW2dmrY+9yDz0EE7D6vBjZA/F2IbtFdbeTs3IZo1fg=</Signature></MSG>正确正确
                    HTTP/1.1 200 OK
                    Date: Thu, 30 Oct 2014 09:06:42 GMT
                    Server: Microsoft-IIS/6.0
                    X-AspNet-Version: 2.0.50727
                    Set-Cookie: ASP.NET_SessionId=5limfd45d4oe0o45yoa4ww55; path=/; HttpOnly
                    Cache-Control: private
                    Content-Type: text/html; charset=gb2312
                    Connection: close
                    Set-Cookie: BIGipServerpool_ec_b2c=2539252490.56611.0000; path=/
                    
                    <MSG><Message><Merchant><ECMerchantType>B2C</ECMerchantType><MerchantID>244011500069A01</MerchantID></Merchant><TrxResponse><ReturnCode>0000</ReturnCode><ErrorMessage>交易成功</ErrorMessage><TrxType>PayReq</TrxType><OrderNo>2014103059500</OrderNo><PaymentURL>https://easyabc.95599.cn/b2c/NotCheckStatus/PaymentModeNewAct.ebf?TOKEN=14146600028473768983</PaymentURL><OrderAmount>78.00</OrderAmount></TrxResponse></Message><Signature-Algorithm>SHA1withRSA</Signature-Algorithm><Signature>iqvpneQItfmbK/WHNhjRmSmtzy0PQ0cL2VJcDkwOr0+fQV2AOIk7x0Rp+/3fDtujwG394y+rad6uIonRsnnpApXdhtwGub4TcX1JkaSy5GZcZERTfAa1h6GZ1C84ofEXw4vLrXbOOcoyfDSQUeY4cU6h2H8uoEt1NXd0EvLfAnM=</Signature></MSG>正确正确
                    HTTP/1.1 200 OK
                    Date: Thu, 30 Oct 2014 09:08:14 GMT
                    Server: Microsoft-IIS/6.0
                    X-AspNet-Version: 2.0.50727
                    Set-Cookie: ASP.NET_SessionId=xdahoy55t11q2t45rlffgeau; path=/; HttpOnly
                    Cache-Control: private
                    Content-Type: text/html; charset=gb2312
                    Connection: close
                    Set-Cookie: BIGipServerpool_ec_b2c=2539252490.56611.0000; path=/
                    
                    <MSG><Message><Merchant><ECMerchantType>B2C</ECMerchantType><MerchantID>244011500069A01</MerchantID></Merchant><TrxResponse><ReturnCode>0000</ReturnCode><ErrorMessage>交易成功</ErrorMessage><TrxType>PayReq</TrxType><OrderNo>2014103047684</OrderNo><PaymentURL>https://easyabc.95599.cn/b2c/NotCheckStatus/PaymentModeNewAct.ebf?TOKEN=14146600943026632315</PaymentURL><OrderAmount>78.00</OrderAmount></TrxResponse></Message><Signature-Algorithm>SHA1withRSA</Signature-Algorithm><Signature>MPUNqt/jChBeBWSW35kTHwMu+f+iE++ZJlYvBF/Wp+z69zFZqVlyjUouEg3A2qS935b7SdH2a4RV/UHdopvIdQ5XOcFvcSDVFuGyJrz3nprF2BpqPDNjAgXJFJfhxdwMWWlGk/SRJjfIzBDDv6KGbufOMXX9uASe84SwnCb0dhM=</Signature></MSG>正确正确
                    HTTP/1.1 200 OK
                    Date: Thu, 30 Oct 2014 09:09:55 GMT
                    Server: Microsoft-IIS/6.0
                    X-AspNet-Version: 2.0.50727
                    Set-Cookie: ASP.NET_SessionId=zswnos45vei5ci55v2wfeujy; path=/; HttpOnly
                    Cache-Control: private
                    Content-Type: text/html; charset=gb2312
                    Connection: close
                    Set-Cookie: BIGipServerpool_ec_b2c=2539252490.56611.0000; path=/
                    
                    <MSG><Message><Merchant><ECMerchantType>B2C</ECMerchantType><MerchantID>244011500069A01</MerchantID></Merchant><TrxResponse><ReturnCode>0000</ReturnCode><ErrorMessage>交易成功</ErrorMessage><TrxType>PayReq</TrxType><OrderNo>2014103083020</OrderNo><PaymentURL>https://easyabc.95599.cn/b2c/NotCheckStatus/PaymentModeNewAct.ebf?TOKEN=14146601950392418929</PaymentURL><OrderAmount>78.00</OrderAmount></TrxResponse></Message><Signature-Algorithm>SHA1withRSA</Signature-Algorithm><Signature>0PPqkNjLRmcF0lePfHajAkojhxZWIr65LJfmWN0RtEN7sEA8iJwQIeyvt5vFGoE/J4OQh7BQYsphkcFw91EjrvYVpXeJD9zj2GZCYbhWUYfQO2afNRxTVPE/lcr2dvvEX/5d0C5BoGoC3/PPKkkVajLknOq/5BrJ6x12H8cOluM=</Signature></MSG>正确正确
                    HTTP/1.1 200 OK
                    Date: Thu, 30 Oct 2014 09:11:48 GMT
                    Server: Microsoft-IIS/6.0
                    X-AspNet-Version: 2.0.50727
                    Set-Cookie: ASP.NET_SessionId=3wxoqo45tglrmiziwvmttr45; path=/; HttpOnly
                    Cache-Control: private
                    Content-Type: text/html; charset=gb2312
                    Connection: close
                    Set-Cookie: BIGipServerpool_ec_b2c=2539252490.56611.0000; path=/
                    
                    <MSG><Message><Merchant><ECMerchantType>B2C</ECMerchantType><MerchantID>244011500069A01</MerchantID></Merchant><TrxResponse><ReturnCode>0000</ReturnCode><ErrorMessage>交易成功</ErrorMessage><TrxType>PayReq</TrxType><OrderNo>2014103003162</OrderNo><PaymentURL>https://easyabc.95599.cn/b2c/NotCheckStatus/PaymentModeNewAct.ebf?TOKEN=14146603086673326187</PaymentURL><OrderAmount>78.00</OrderAmount></TrxResponse></Message><Signature-Algorithm>SHA1withRSA</Signature-Algorithm><Signature>9G48uhrv3Mk03xohs8TdAtfP57eAV/o6X8CPDAhwftAlGIux0OiPPIchljdL9QZCHuFOQVs9aqiiITKLzDUbK9FGwgvLl5AgwWtRExC4JumommwPMeF464ChX0MMVabnEKuUU1umJ3eLBqqMHwHmzETn0IcSs5nVVlEaJDGmi/M=</Signature></MSG>正确正确
                    HTTP/1.1 200 OK
                    Date: Thu, 30 Oct 2014 09:13:36 GMT
                    Server: Microsoft-IIS/6.0
                    X-AspNet-Version: 2.0.50727
                    Set-Cookie: ASP.NET_SessionId=kk5kt0raf3c5yae4epgvha55; path=/; HttpOnly
                    Cache-Control: private
                    Content-Type: text/html; charset=gb2312
                    Connection: close
                    Set-Cookie: BIGipServerpool_ec_b2c=2539252490.56611.0000; path=/
                    
                    <MSG><Message><Merchant><ECMerchantType>B2C</ECMerchantType><MerchantID>244011500069A01</MerchantID></Merchant><TrxResponse><ReturnCode>0000</ReturnCode><ErrorMessage>交易成功</ErrorMessage><TrxType>PayReq</TrxType><OrderNo>2014103018454</OrderNo><PaymentURL>https://easyabc.95599.cn/b2c/NotCheckStatus/PaymentModeNewAct.ebf?TOKEN=14146604159983439703</PaymentURL><OrderAmount>78.00</OrderAmount></TrxResponse></Message><Signature-Algorithm>SHA1withRSA</Signature-Algorithm><Signature>8t+IixyQcdUS4oYpmuaWbegFtcpX6qdb2tM3VNS4sDe5qMdQEgY0J1FBAtIKj4CLLxeXXuQNZ49FOwLwmYQ7df5GsygJmosnwuSmOSCqLzfqaZlgNkkLpUoYvKChwSD1hWjGkKZoq3ECn9uMdaUHqsnniV7iS5tlxUR+NEqzIlQ=</Signature></MSG>正确正确
                    HTTP/1.1 200 OK
                    Date: Thu, 30 Oct 2014 09:25:09 GMT
                    Server: Microsoft-IIS/6.0
                    X-Powered-By: ASP.NET
                    X-AspNet-Version: 2.0.50727
                    Set-Cookie: ASP.NET_SessionId=m5sq0habqni0o4452jjfqmvq; path=/; HttpOnly
                    Cache-Control: private
                    Content-Type: text/html; charset=gb2312
                    Connection: close
                    Set-Cookie: BIGipServerpool_ec_b2c=1063578378.56867.0000; path=/
                    
                    <MSG><Message><Merchant><ECMerchantType>B2C</ECMerchantType><MerchantID>244011500069A01</MerchantID></Merchant><TrxResponse><ReturnCode>0000</ReturnCode><ErrorMessage>交易成功</ErrorMessage><TrxType>PayReq</TrxType><OrderNo>2014103036948</OrderNo><PaymentURL>https://easyabc.95599.cn/b2c/NotCheckStatus/PaymentModeNewAct.ebf?TOKEN=14146611091111810201</PaymentURL><OrderAmount>78.00</OrderAmount></TrxResponse></Message><Signature-Algorithm>SHA1withRSA</Signature-Algorithm><Signature>qn3PPrhvcA+Q6+iaq1SYuJrD9TcNPpE8Rx5ePpp66CuchW3D67nv+t14/J7ImC2McXoGizHNe8CYLtWDtCHmfwN29F3lq6s4Ibp1zTDKqEbPgg6oydJ2PJ2WQU1DrqoGAwcIDOIy7cRH+iToe6g0o4ok4UJVySxlpzoSuRC6ebc=</Signature></MSG>正确正确
                    HTTP/1.1 200 OK
                    Date: Thu, 30 Oct 2014 09:26:33 GMT
                    Server: Microsoft-IIS/6.0
                    X-Powered-By: ASP.NET
                    X-AspNet-Version: 2.0.50727
                    Set-Cookie: ASP.NET_SessionId=zndehgqo1sudjmz5bdtnv445; path=/; HttpOnly
                    Cache-Control: private
                    Content-Type: text/html; charset=gb2312
                    Connection: close
                    Set-Cookie: BIGipServerpool_ec_b2c=1063578378.56867.0000; path=/
                    
                    <MSG><Message><Merchant><ECMerchantType>B2C</ECMerchantType><MerchantID>244011500069A01</MerchantID></Merchant><TrxResponse><ReturnCode>0000</ReturnCode><ErrorMessage>交易成功</ErrorMessage><TrxType>PayReq</TrxType><OrderNo>2014103019413</OrderNo><PaymentURL>https://easyabc.95599.cn/b2c/NotCheckStatus/PaymentModeNewAct.ebf?TOKEN=14146611932660370636</PaymentURL><OrderAmount>78.00</OrderAmount></TrxResponse></Message><Signature-Algorithm>SHA1withRSA</Signature-Algorithm><Signature>tL494PcDmuZGGGHxGX/EvnwtnuULLPvGLEXQe5yn0f0b5xB8LBXSDfpE8RflwO1oDIRg+hVtj8yOfyoNNfAbDHlpC6Q/XOh9qjE5PsN0w4h0aQu1R84PPg2MPdaSADFFKbVxRyH28HOEGPK03wQ2GQYN9GlM7W15v0OexX8LpMc=</Signature></MSG>正确正确
                    HTTP/1.1 200 OK
                    Date: Thu, 30 Oct 2014 09:28:13 GMT
                    Server: Microsoft-IIS/6.0
                    X-Powered-By: ASP.NET
                    X-AspNet-Version: 2.0.50727
                    Set-Cookie: ASP.NET_SessionId=tmq3yyzbtxrpsv45tms3m445; path=/; HttpOnly
                    Cache-Control: private
                    Content-Type: text/html; charset=gb2312
                    Connection: close
                    Set-Cookie: BIGipServerpool_ec_b2c=1063578378.56867.0000; path=/
                    
                    <MSG><Message><Merchant><ECMerchantType>B2C</ECMerchantType><MerchantID>244011500069A01</MerchantID></Merchant><TrxResponse><ReturnCode>0000</ReturnCode><ErrorMessage>交易成功</ErrorMessage><TrxType>PayReq</TrxType><OrderNo>2014103091903</OrderNo><PaymentURL>https://easyabc.95599.cn/b2c/NotCheckStatus/PaymentModeNewAct.ebf?TOKEN=14146612937654044805</PaymentURL><OrderAmount>78.00</OrderAmount></TrxResponse></Message><Signature-Algorithm>SHA1withRSA</Signature-Algorithm><Signature>U49Su0Et5GEoDQrfWDrH6YUeK8UizHMGiVDlQ2JAU3791v5gzK0RsPowpKzWy+0LeoGcAryFUY8UQ4Evf9+yt41kFA9ZS7ri9T0BmPG3wR+HhJW8rew6IHRCgdJtY3XBJPmuFTZ54DVG1nZ8bm+t17YJyFEnTQQht5lwigKXZ3M=</Signature></MSG>正确