正确
                    HTTP/1.1 200 OK
                    Date: Sat, 15 Nov 2014 00:36:18 GMT
                    Server: Microsoft-IIS/6.0
                    X-Powered-By: ASP.NET
                    X-AspNet-Version: 2.0.50727
                    Set-Cookie: ASP.NET_SessionId=uwmfvsubyd4yuzjpb5lfygqz; path=/; HttpOnly
                    Cache-Control: private
                    Content-Type: text/html; charset=gb2312
                    Connection: close
                    Set-Cookie: BIGipServerpool_ec_b2c=1046801162.56355.0000; path=/
                    
                    <MSG><Message><Merchant><ECMerchantType>B2C</ECMerchantType><MerchantID>244011500069A01</MerchantID></Merchant><TrxResponse><ReturnCode>0000</ReturnCode><ErrorMessage>交易成功</ErrorMessage><TrxType>PayReq</TrxType><OrderNo>2014111433029</OrderNo><PaymentURL>https://easyabc.95599.cn/b2c/NotCheckStatus/PaymentModeNewAct.ebf?TOKEN=14159564439206656749</PaymentURL><OrderAmount>738.00</OrderAmount></TrxResponse></Message><Signature-Algorithm>SHA1withRSA</Signature-Algorithm><Signature>Dsz9IfsHdIJCouCnBECXt3dJX2LYLMouDq1hXCCykf/6ktSPl3Xl+HYUy88PVkv50QUSUnxltjJUk58EIsBTyARdU04pR6UHvcO71uO/5i0/vhUCKIcKG+GIk4BOB/ryaxl+EnTHxL9E87lgss3e2dZIT83wfq5izGE+2yZhLbU=</Signature></MSG>正确正确
                    HTTP/1.1 200 OK
                    Date: Sat, 15 Nov 2014 01:34:53 GMT
                    Server: Microsoft-IIS/6.0
                    X-Powered-By: ASP.NET
                    X-AspNet-Version: 2.0.50727
                    Set-Cookie: ASP.NET_SessionId=sqjm2e55btbjer55debdh13m; path=/; HttpOnly
                    Cache-Control: private
                    Content-Type: text/html; charset=gb2312
                    Connection: close
                    Set-Cookie: BIGipServerpool_ec_b2c=929360650.56355.0000; path=/
                    
                    <MSG><Message><Merchant><ECMerchantType>B2C</ECMerchantType><MerchantID>244011500069A01</MerchantID></Merchant><TrxResponse><ReturnCode>0000</ReturnCode><ErrorMessage>交易成功</ErrorMessage><TrxType>PayReq</TrxType><OrderNo>2014111433029</OrderNo><PaymentURL>https://easyabc.95599.cn/b2c/NotCheckStatus/PaymentModeNewAct.ebf?TOKEN=14159564439206656749</PaymentURL><OrderAmount>738.00</OrderAmount></TrxResponse></Message><Signature-Algorithm>SHA1withRSA</Signature-Algorithm><Signature>Dsz9IfsHdIJCouCnBECXt3dJX2LYLMouDq1hXCCykf/6ktSPl3Xl+HYUy88PVkv50QUSUnxltjJUk58EIsBTyARdU04pR6UHvcO71uO/5i0/vhUCKIcKG+GIk4BOB/ryaxl+EnTHxL9E87lgss3e2dZIT83wfq5izGE+2yZhLbU=</Signature></MSG>正确正确
                    HTTP/1.1 200 OK
                    Date: Sat, 15 Nov 2014 01:51:54 GMT
                    Server: Microsoft-IIS/6.0
                    X-AspNet-Version: 2.0.50727
                    Set-Cookie: ASP.NET_SessionId=aj1u51ioidv4mvjv21qvko45; path=/; HttpOnly
                    Cache-Control: private
                    Content-Type: text/html; charset=gb2312
                    Connection: close
                    Set-Cookie: BIGipServerpool_ec_b2c=2505698058.56355.0000; path=/
                    
                    <MSG><Message><Merchant><ECMerchantType>B2C</ECMerchantType><MerchantID>244011500069A01</MerchantID></Merchant><TrxResponse><ReturnCode>0000</ReturnCode><ErrorMessage>交易成功</ErrorMessage><TrxType>PayReq</TrxType><OrderNo>2014111433029</OrderNo><PaymentURL>https://easyabc.95599.cn/b2c/NotCheckStatus/PaymentModeNewAct.ebf?TOKEN=14159564439206656749</PaymentURL><OrderAmount>738.00</OrderAmount></TrxResponse></Message><Signature-Algorithm>SHA1withRSA</Signature-Algorithm><Signature>Dsz9IfsHdIJCouCnBECXt3dJX2LYLMouDq1hXCCykf/6ktSPl3Xl+HYUy88PVkv50QUSUnxltjJUk58EIsBTyARdU04pR6UHvcO71uO/5i0/vhUCKIcKG+GIk4BOB/ryaxl+EnTHxL9E87lgss3e2dZIT83wfq5izGE+2yZhLbU=</Signature></MSG>正确