正确
                    HTTP/1.1 200 OK
                    Date: Fri, 05 Sep 2014 02:20:24 GMT
                    Server: Microsoft-IIS/6.0
                    X-Powered-By: ASP.NET
                    X-AspNet-Version: 2.0.50727
                    Set-Cookie: ASP.NET_SessionId=tqd42s55vtimus45mewnwdby; path=/; HttpOnly
                    Cache-Control: private
                    Content-Type: text/html; charset=gb2312
                    Connection: close
                    Set-Cookie: BIGipServerpool_ec_b2c=912583434.56611.0000; path=/
                    
                    <MSG><Message><Merchant><ECMerchantType>B2C</ECMerchantType><MerchantID>244011500069A01</MerchantID></Merchant><TrxResponse><ReturnCode>0000</ReturnCode><ErrorMessage>交易成功</ErrorMessage><TrxType>PayReq</TrxType><OrderNo>2014090536734</OrderNo><PaymentURL>https://easyabc.95599.cn/b2c/NotCheckStatus/PaymentModeNewAct.ebf?TOKEN=14098836241425625515</PaymentURL><OrderAmount>1.00</OrderAmount></TrxResponse></Message><Signature-Algorithm>SHA1withRSA</Signature-Algorithm><Signature>6gTFCu0sqz05x5fkPcbGN5I81RxafTpyzztabDfxraKQUUJpmLiYkSpeXJGA6TfAgFgHifsAlaziDJF1JuyeANZjY/3lMpO+dyV4G6x04r+xKicUyNYpBQ8nJYTir35gmZsZqwTRtGZihMFypQA24Z0jGNv59evRj/WKQNTYYAI=</Signature></MSG>正确正确
                    HTTP/1.1 200 OK
                    Date: Fri, 05 Sep 2014 02:34:45 GMT
                    Server: Microsoft-IIS/6.0
                    X-AspNet-Version: 2.0.50727
                    Set-Cookie: ASP.NET_SessionId=4bkffm554tbxnrqeewoozkve; path=/; HttpOnly
                    Cache-Control: private
                    Content-Type: text/html; charset=gb2312
                    Connection: close
                    Set-Cookie: BIGipServerpool_ec_b2c=1063578378.56611.0000; path=/
                    
                    <MSG><Message><Merchant><ECMerchantType>B2C</ECMerchantType><MerchantID>244011500069A01</MerchantID></Merchant><TrxResponse><ReturnCode>0000</ReturnCode><ErrorMessage>交易成功</ErrorMessage><TrxType>PayReq</TrxType><OrderNo>2014090528946</OrderNo><PaymentURL>https://easyabc.95599.cn/b2c/NotCheckStatus/PaymentModeNewAct.ebf?TOKEN=14098844851662659161</PaymentURL><OrderAmount>1.00</OrderAmount></TrxResponse></Message><Signature-Algorithm>SHA1withRSA</Signature-Algorithm><Signature>CPo/jtVJ1KMP1+FpIAqvZQCZk5yqrQITEGq8ChGmQdJVEWrtVe1c4sKdrXVh+A1NmcoL1CxsZmdBNtby98voruUzAEDTzlYqTAIn/bvGq8vLOgZ2hpu2S/f11csC/AONyM/fLhSH2bK9J0CQ5WawV4n1wlzBsN9VAM5Kugd55yw=</Signature></MSG>正确正确
                    HTTP/1.1 200 OK
                    Date: Fri, 05 Sep 2014 02:56:02 GMT
                    Server: Microsoft-IIS/6.0
                    X-AspNet-Version: 2.0.50727
                    Set-Cookie: ASP.NET_SessionId=whbraonybj0anjqtplfzurfe; path=/; HttpOnly
                    Cache-Control: private
                    Content-Type: text/html; charset=gb2312
                    Connection: close
                    Set-Cookie: BIGipServerpool_ec_b2c=3965512458.56355.0000; path=/
                    
                    <MSG><Message><Merchant><ECMerchantType>B2C</ECMerchantType><MerchantID>244011500069A01</MerchantID></Merchant><TrxResponse><ReturnCode>0000</ReturnCode><ErrorMessage>交易成功</ErrorMessage><TrxType>PayReq</TrxType><OrderNo>2014090518073</OrderNo><PaymentURL>https://easyabc.95599.cn/b2c/NotCheckStatus/PaymentModeNewAct.ebf?TOKEN=14098857621604655668</PaymentURL><OrderAmount>1.00</OrderAmount></TrxResponse></Message><Signature-Algorithm>SHA1withRSA</Signature-Algorithm><Signature>KC3G7vSuKoLp7QtnzPS5MpEFpkhgvk5pSCp6cEBCr1qiJJo5H/2eUqTcf7oSpJL4on/F4qr3eLGrntajXeGZIzxSLPu1Z4OsWP0fRZILrpybvfGBGSV+Dq0Hh62/agZWK7FjFHJDLZDkM0a7Kw1BIWiL26Smss+3GSu84ztleUY=</Signature></MSG>正确正确
                    HTTP/1.1 200 OK
                    Date: Fri, 05 Sep 2014 02:59:42 GMT
                    Server: Microsoft-IIS/6.0
                    X-Powered-By: ASP.NET
                    X-AspNet-Version: 2.0.50727
                    Set-Cookie: ASP.NET_SessionId=ghctbo55jxzx2z551vrlocbh; path=/; HttpOnly
                    Cache-Control: private
                    Content-Type: text/html; charset=gb2312
                    Connection: close
                    Set-Cookie: BIGipServerpool_ec_b2c=946137866.56611.0000; path=/
                    
                    <MSG><Message><Merchant><ECMerchantType>B2C</ECMerchantType><MerchantID>244011500069A01</MerchantID></Merchant><TrxResponse><ReturnCode>0000</ReturnCode><ErrorMessage>交易成功</ErrorMessage><TrxType>PayReq</TrxType><OrderNo>2014090518073</OrderNo><PaymentURL>https://easyabc.95599.cn/b2c/NotCheckStatus/PaymentModeNewAct.ebf?TOKEN=14098857621604655668</PaymentURL><OrderAmount>1.00</OrderAmount></TrxResponse></Message><Signature-Algorithm>SHA1withRSA</Signature-Algorithm><Signature>KC3G7vSuKoLp7QtnzPS5MpEFpkhgvk5pSCp6cEBCr1qiJJo5H/2eUqTcf7oSpJL4on/F4qr3eLGrntajXeGZIzxSLPu1Z4OsWP0fRZILrpybvfGBGSV+Dq0Hh62/agZWK7FjFHJDLZDkM0a7Kw1BIWiL26Smss+3GSu84ztleUY=</Signature></MSG>正确正确
                    HTTP/1.1 200 OK
                    Date: Fri, 05 Sep 2014 03:16:36 GMT
                    Server: Microsoft-IIS/6.0
                    X-Powered-By: ASP.NET
                    X-AspNet-Version: 2.0.50727
                    Set-Cookie: ASP.NET_SessionId=pa5wh3ijzuw4cteyimztzu55; path=/; HttpOnly
                    Cache-Control: private
                    Content-Type: text/html; charset=gb2312
                    Connection: close
                    Set-Cookie: BIGipServerpool_ec_b2c=946137866.56611.0000; path=/
                    
                    <MSG><Message><Merchant><ECMerchantType>B2C</ECMerchantType><MerchantID>244011500069A01</MerchantID></Merchant><TrxResponse><ReturnCode>0000</ReturnCode><ErrorMessage>交易成功</ErrorMessage><TrxType>PayReq</TrxType><OrderNo>2014090533374</OrderNo><PaymentURL>https://easyabc.95599.cn/b2c/NotCheckStatus/PaymentModeNewAct.ebf?TOKEN=14098869966771176985</PaymentURL><OrderAmount>1.00</OrderAmount></TrxResponse></Message><Signature-Algorithm>SHA1withRSA</Signature-Algorithm><Signature>fPSOUEOtn/4veGYEtIAPSapncoAar+srlawTrZr8h5HdpgLZGqIy5hgfi8V+RBoFgZQbqe2WL1GQ6cChoaJR0EBVbVb6T4LqJW9M+sVTgRQSsd86MV7rWSF+g33i38Waa9ReG2+pPAM+TOm2GV/5eD5k7UJpGxfw07eLxL5z/9E=</Signature></MSG>正确正确
                    HTTP/1.1 200 OK
                    Date: Fri, 05 Sep 2014 05:08:27 GMT
                    Server: Microsoft-IIS/6.0
                    X-Powered-By: ASP.NET
                    X-AspNet-Version: 2.0.50727
                    Set-Cookie: ASP.NET_SessionId=hbwexjr4exmbu545il5ia545; path=/; HttpOnly
                    Cache-Control: private
                    Content-Type: text/html; charset=gb2312
                    Connection: close
                    Set-Cookie: BIGipServerpool_ec_b2c=3982289674.56611.0000; path=/
                    
                    <MSG><Message><Merchant><ECMerchantType>B2C</ECMerchantType><MerchantID>244011500069A01</MerchantID></Merchant><TrxResponse><ReturnCode>0000</ReturnCode><ErrorMessage>交易成功</ErrorMessage><TrxType>PayReq</TrxType><OrderNo>2014090559201</OrderNo><PaymentURL>https://easyabc.95599.cn/b2c/NotCheckStatus/PaymentModeNewAct.ebf?TOKEN=14098937072655521149</PaymentURL><OrderAmount>1.00</OrderAmount></TrxResponse></Message><Signature-Algorithm>SHA1withRSA</Signature-Algorithm><Signature>VshuAVjfnJ0tEeW0goRmP+GMkQkgP/emAIJy1RG/0cauTPCNzf1LQtTpfuIKGARumF4W+MP6KUJ0ZCwPYRNrQ7EnI4QB1XkZ77VPQN+WuvIckMkElAbwMqS/GYcvkWbfp1sjWdWKMQcvoteGjlv1QAx5EP2So9kRCunNs5zZIOc=</Signature></MSG>正确