正确
                    HTTP/1.1 200 OK
                    Date: Fri, 14 Nov 2014 09:01:11 GMT
                    Server: Microsoft-IIS/6.0
                    X-Powered-By: ASP.NET
                    X-AspNet-Version: 2.0.50727
                    Set-Cookie: ASP.NET_SessionId=dh2vi0yzfa01pw55svvv5d55; path=/; HttpOnly
                    Cache-Control: private
                    Content-Type: text/html; charset=gb2312
                    Connection: close
                    Set-Cookie: BIGipServerpool_ec_b2c=912583434.56355.0000; path=/
                    
                    <MSG><Message><Merchant><ECMerchantType>B2C</ECMerchantType><MerchantID>244011500069A01</MerchantID></Merchant><TrxResponse><ReturnCode>0000</ReturnCode><ErrorMessage>交易成功</ErrorMessage><TrxType>PayReq</TrxType><OrderNo>2014111425864</OrderNo><PaymentURL>https://easyabc.95599.cn/b2c/NotCheckStatus/PaymentModeNewAct.ebf?TOKEN=14159556711448461029</PaymentURL><OrderAmount>369.00</OrderAmount></TrxResponse></Message><Signature-Algorithm>SHA1withRSA</Signature-Algorithm><Signature>qMIJbP7egPi7n1d6BktA7jbBz0LQqjqm64m/cztxODWgxqbE4SvLXuACZlYQKz3NiQboWMLo91Ua6JIPCasnwHXRD6JpzdTWaA2dW36ytmhrpQ+K8LqxdSyvgQVQ77HczcDH10JqBQ9/HMbeRO7AUSeAjaGUTYt8mos0znjpvqY=</Signature></MSG>正确正确
                    HTTP/1.1 200 OK
                    Date: Fri, 14 Nov 2014 09:14:03 GMT
                    Server: Microsoft-IIS/6.0
                    X-Powered-By: ASP.NET
                    X-AspNet-Version: 2.0.50727
                    Set-Cookie: ASP.NET_SessionId=ticlekjs1iq551ym5isiisut; path=/; HttpOnly
                    Cache-Control: private
                    Content-Type: text/html; charset=gb2312
                    Connection: close
                    Set-Cookie: BIGipServerpool_ec_b2c=946137866.56867.0000; path=/
                    
                    <MSG><Message><Merchant><ECMerchantType>B2C</ECMerchantType><MerchantID>244011500069A01</MerchantID></Merchant><TrxResponse><ReturnCode>0000</ReturnCode><ErrorMessage>交易成功</ErrorMessage><TrxType>PayReq</TrxType><OrderNo>2014111433029</OrderNo><PaymentURL>https://easyabc.95599.cn/b2c/NotCheckStatus/PaymentModeNewAct.ebf?TOKEN=14159564439206656749</PaymentURL><OrderAmount>738.00</OrderAmount></TrxResponse></Message><Signature-Algorithm>SHA1withRSA</Signature-Algorithm><Signature>Dsz9IfsHdIJCouCnBECXt3dJX2LYLMouDq1hXCCykf/6ktSPl3Xl+HYUy88PVkv50QUSUnxltjJUk58EIsBTyARdU04pR6UHvcO71uO/5i0/vhUCKIcKG+GIk4BOB/ryaxl+EnTHxL9E87lgss3e2dZIT83wfq5izGE+2yZhLbU=</Signature></MSG>正确