
2014/06/17-23:38:11 TrustPay Client PHP 交易开始==========================
2014/06/17-23:38:11 配置文件中商户数为1请求指定的商户配置编号为 1
2014/06/17-23:38:11 检查交易请求是否合法：正确
2014/06/17-23:38:11 交易报文
2014/06/17-23:38:11 完整交易报文：
2014/06/17-23:38:11 签名后的报文
2014/06/17-23:38:12 提交网上支付平台的报文：
                    <MSG><Message><Merchant><ECMerchantType>B2C</ECMerchantType><MerchantID>244011500069A01</MerchantID></Merchant><TrxRequest><TrxType>PayReq</TrxType><Order><OrderNo>ON200306300001</OrderNo><ExpiredDate>30</ExpiredDate><OrderAmount>280</OrderAmount><OrderDesc>Game Card Order</OrderDesc><OrderDate>2003/11/12</OrderDate><OrderTime>23:55:30</OrderTime><OrderURL>http://127.0.0.1/Merchant/MerchantQueryOrder.jsp?ON=ON200306300001&QueryType=1</OrderURL><BuyIP>172.30.7.75</BuyIP><OrderItems><OrderItem><ProductID>IP000001</ProductID><ProductName>中国移动ip卡</ProductName><UnitPrice>100.1</UnitPrice><Qty>1</Qty></OrderItem><OrderItem><ProductID>IP000002</ProductID><ProductName>网通ip卡</ProductName><UnitPrice>90.1</UnitPrice><Qty>2</Qty></OrderItem></OrderItems></Order><ProductType>1</ProductType><PaymentType>1</PaymentType><NotifyType>0</NotifyType><ResultNotifyURL>http://127.0.0.1:83/TrustPayClient/demo/MerchantResult.php</ResultNotifyURL><MerchantRemarks>Hi!</MerchantRemarks><PaymentLinkType>1</PaymentLinkType></TrxRequest></Message><Signature-Algorithm>SHA1withRSA</Signature-Algorithm><Signature>diO4AE6+Hnmt2/mGzBvnmUPlrOsrF6u9q/QmzRmroGm29+3L4/bXzM5070GnuTxTsgGQQNtxGJFgsg1HikzYY51pf5G6hnw7ocYH3G4sdw0lmqRXEwhr/dZQY8TetQbuKDN+1u2Hm2DehOxv8WhS7al/AD81/1qFOhNrwC39mfI=</Signature></MSG>
2014/06/17-23:38:12 报文长度：1303<br>
2014/06/17-23:38:12 连线网上支付平台
2014/06/17-23:38:12 网上支付平台URL：[https://www.95599.cn/b2c/trustpay/ReceiveMerchantTrxReqServlet] 
2014/06/17-23:38:12 成功
2014/06/17-23:38:12 提交交易报文：
2014/06/17-23:38:12 <MSG><Message><Merchant><ECMerchantType>B2C</ECMerchantType><MerchantID>244011500069A01</MerchantID></Merchant><TrxRequest><TrxType>PayReq</TrxType><Order><OrderNo>ON200306300001</OrderNo><ExpiredDate>30</ExpiredDate><OrderAmount>280</OrderAmount><OrderDesc>Game Card Order</OrderDesc><OrderDate>2003/11/12</OrderDate><OrderTime>23:55:30</OrderTime><OrderURL>http://127.0.0.1/Merchant/MerchantQueryOrder.jsp?ON=ON200306300001&QueryType=1</OrderURL><BuyIP>172.30.7.75</BuyIP><OrderItems><OrderItem><ProductID>IP000001</ProductID><ProductName>中国移动ip卡</ProductName><UnitPrice>100.1</UnitPrice><Qty>1</Qty></OrderItem><OrderItem><ProductID>IP000002</ProductID><ProductName>网通ip卡</ProductName><UnitPrice>90.1</UnitPrice><Qty>2</Qty></OrderItem></OrderItems></Order><ProductType>1</ProductType><PaymentType>1</PaymentType><NotifyType>0</NotifyType><ResultNotifyURL>http://127.0.0.1:83/TrustPayClient/demo/MerchantResult.php</ResultNotifyURL><MerchantRemarks>Hi!</MerchantRemarks><PaymentLinkType>1</PaymentLinkType></TrxRequest></Message><Signature-Algorithm>SHA1withRSA</Signature-Algorithm><Signature>diO4AE6+Hnmt2/mGzBvnmUPlrOsrF6u9q/QmzRmroGm29+3L4/bXzM5070GnuTxTsgGQQNtxGJFgsg1HikzYY51pf5G6hnw7ocYH3G4sdw0lmqRXEwhr/dZQY8TetQbuKDN+1u2Hm2DehOxv8WhS7al/AD81/1qFOhNrwC39mfI=</Signature></MSG>
2014/06/17-23:38:12 成功
2014/06/17-23:38:12 接受到的响应报文：
                    HTTP/1.1 200 OK
                    Date: Tue, 17 Jun 2014 15:37:57 GMT
                    Server: Microsoft-IIS/6.0
                    X-Powered-By: ASP.NET
                    X-AspNet-Version: 2.0.50727
                    Set-Cookie: ASP.NET_SessionId=dyjpdoat5x0m2p450yuhetry; path=/; HttpOnly
                    Cache-Control: private
                    Content-Type: text/html; charset=gb2312
                    Connection: close
                    Set-Cookie: BIGipServerpool_ec_b2c=962915082.56611.0000; path=/
                    
                    <MSG><Message><Merchant><ECMerchantType>B2C</ECMerchantType><MerchantID>244011500069A01</MerchantID></Merchant><TrxResponse><ReturnCode>0000</ReturnCode><ErrorMessage>交易成功</ErrorMessage><TrxType>PayReq</TrxType><OrderNo>ON200306300001</OrderNo><PaymentURL>https://easyabc.95599.cn/b2c/NotCheckStatus/PaymentModeTestAct.ebf?TOKEN=14029068166328071050</PaymentURL><OrderAmount>280</OrderAmount></TrxResponse></Message><Signature-Algorithm>SHA1withRSA</Signature-Algorithm><Signature>y+dJcjTWwi2FxcMAkzscBXtqvhVpNxzjjuy1QobhcuG2QZpAwef05bq4govoKgvJs+XzNqUyEL4/sHmXKwOGVFzzbHc1ugOIXLtmvCB6XGT2IkMwbk91oK8CgPxK4pe1Ln00vmLhDpXBpwPEygCtZR8FSIvIhmKg8+QADEsD4WI=</Signature></MSG>
2014/06/17-23:38:12 接收报文：
2014/06/17-23:38:12 <Message><Merchant><ECMerchantType>B2C</ECMerchantType><MerchantID>244011500069A01</MerchantID></Merchant><TrxResponse><ReturnCode>0000</ReturnCode><ErrorMessage>交易成功</ErrorMessage><TrxType>PayReq</TrxType><OrderNo>ON200306300001</OrderNo><PaymentURL>https://easyabc.95599.cn/b2c/NotCheckStatus/PaymentModeTestAct.ebf?TOKEN=14029068166328071050</PaymentURL><OrderAmount>280</OrderAmount></TrxResponse></Message><Signature-Algorithm>SHA1withRSA</Signature-Algorithm><Signature>y+dJcjTWwi2FxcMAkzscBXtqvhVpNxzjjuy1QobhcuG2QZpAwef05bq4govoKgvJs+XzNqUyEL4/sHmXKwOGVFzzbHc1ugOIXLtmvCB6XGT2IkMwbk91oK8CgPxK4pe1Ln00vmLhDpXBpwPEygCtZR8FSIvIhmKg8+QADEsD4WI=</Signature>
2014/06/17-23:38:12 验证网上支付平台响应报文的签名：正确
2014/06/17-23:38:12 生成交易响应对象：
2014/06/17-23:38:12 交易结果：[0000]
2014/06/17-23:38:12 错误信息：[交易成功]
2014/06/17-23:38:12 交易结束==================================================
                    
                    
                    
                    
2014/06/17-23:38:56 TrustPay Client PHP 交易开始==========================
2014/06/17-23:38:56 配置文件中商户数为1请求指定的商户配置编号为 1
2014/06/17-23:38:56 检查交易请求是否合法：正确
2014/06/17-23:38:56 交易报文
2014/06/17-23:38:56 完整交易报文：
2014/06/17-23:38:56 签名后的报文
2014/06/17-23:38:56 提交网上支付平台的报文：
                    <MSG><Message><Merchant><ECMerchantType>B2C</ECMerchantType><MerchantID>244011500069A01</MerchantID></Merchant><TrxRequest><TrxType>PayReq</TrxType><Order><OrderNo>ON200306300001</OrderNo><ExpiredDate>30</ExpiredDate><OrderAmount>280</OrderAmount><OrderDesc>Game Card Order</OrderDesc><OrderDate>2003/11/12</OrderDate><OrderTime>23:55:30</OrderTime><OrderURL>http://127.0.0.1/Merchant/MerchantQueryOrder.jsp?ON=ON200306300001&QueryType=1</OrderURL><BuyIP>172.30.7.75</BuyIP><OrderItems><OrderItem><ProductID>IP000001</ProductID><ProductName>中国移动ip卡</ProductName><UnitPrice>100.1</UnitPrice><Qty>1</Qty></OrderItem><OrderItem><ProductID>IP000002</ProductID><ProductName>网通ip卡</ProductName><UnitPrice>90.1</UnitPrice><Qty>2</Qty></OrderItem></OrderItems></Order><ProductType>1</ProductType><PaymentType>1</PaymentType><NotifyType>0</NotifyType><ResultNotifyURL>http://127.0.0.1:83/TrustPayClient/demo/MerchantResult.php</ResultNotifyURL><MerchantRemarks>Hi!</MerchantRemarks><PaymentLinkType>1</PaymentLinkType></TrxRequest></Message><Signature-Algorithm>SHA1withRSA</Signature-Algorithm><Signature>diO4AE6+Hnmt2/mGzBvnmUPlrOsrF6u9q/QmzRmroGm29+3L4/bXzM5070GnuTxTsgGQQNtxGJFgsg1HikzYY51pf5G6hnw7ocYH3G4sdw0lmqRXEwhr/dZQY8TetQbuKDN+1u2Hm2DehOxv8WhS7al/AD81/1qFOhNrwC39mfI=</Signature></MSG>
2014/06/17-23:38:56 报文长度：1303<br>
2014/06/17-23:38:56 连线网上支付平台
2014/06/17-23:38:56 网上支付平台URL：[https://www.95599.cn/b2c/trustpay/ReceiveMerchantTrxReqServlet] 
2014/06/17-23:38:56 成功
2014/06/17-23:38:56 提交交易报文：
2014/06/17-23:38:56 <MSG><Message><Merchant><ECMerchantType>B2C</ECMerchantType><MerchantID>244011500069A01</MerchantID></Merchant><TrxRequest><TrxType>PayReq</TrxType><Order><OrderNo>ON200306300001</OrderNo><ExpiredDate>30</ExpiredDate><OrderAmount>280</OrderAmount><OrderDesc>Game Card Order</OrderDesc><OrderDate>2003/11/12</OrderDate><OrderTime>23:55:30</OrderTime><OrderURL>http://127.0.0.1/Merchant/MerchantQueryOrder.jsp?ON=ON200306300001&QueryType=1</OrderURL><BuyIP>172.30.7.75</BuyIP><OrderItems><OrderItem><ProductID>IP000001</ProductID><ProductName>中国移动ip卡</ProductName><UnitPrice>100.1</UnitPrice><Qty>1</Qty></OrderItem><OrderItem><ProductID>IP000002</ProductID><ProductName>网通ip卡</ProductName><UnitPrice>90.1</UnitPrice><Qty>2</Qty></OrderItem></OrderItems></Order><ProductType>1</ProductType><PaymentType>1</PaymentType><NotifyType>0</NotifyType><ResultNotifyURL>http://127.0.0.1:83/TrustPayClient/demo/MerchantResult.php</ResultNotifyURL><MerchantRemarks>Hi!</MerchantRemarks><PaymentLinkType>1</PaymentLinkType></TrxRequest></Message><Signature-Algorithm>SHA1withRSA</Signature-Algorithm><Signature>diO4AE6+Hnmt2/mGzBvnmUPlrOsrF6u9q/QmzRmroGm29+3L4/bXzM5070GnuTxTsgGQQNtxGJFgsg1HikzYY51pf5G6hnw7ocYH3G4sdw0lmqRXEwhr/dZQY8TetQbuKDN+1u2Hm2DehOxv8WhS7al/AD81/1qFOhNrwC39mfI=</Signature></MSG>
2014/06/17-23:38:56 成功
2014/06/17-23:38:56 接受到的响应报文：
                    HTTP/1.1 200 OK
                    Date: Tue, 17 Jun 2014 15:38:40 GMT
                    Server: Microsoft-IIS/6.0
                    X-Powered-By: ASP.NET
                    X-AspNet-Version: 2.0.50727
                    Set-Cookie: ASP.NET_SessionId=atf2jg45alf5fp55pgzyto45; path=/; HttpOnly
                    Cache-Control: private
                    Content-Type: text/html; charset=gb2312
                    Connection: close
                    Set-Cookie: BIGipServerpool_ec_b2c=962915082.56611.0000; path=/
                    
                    <MSG><Message><Merchant><ECMerchantType>B2C</ECMerchantType><MerchantID>244011500069A01</MerchantID></Merchant><TrxResponse><ReturnCode>0000</ReturnCode><ErrorMessage>交易成功</ErrorMessage><TrxType>PayReq</TrxType><OrderNo>ON200306300001</OrderNo><PaymentURL>https://easyabc.95599.cn/b2c/NotCheckStatus/PaymentModeTestAct.ebf?TOKEN=14029068166328071050</PaymentURL><OrderAmount>280</OrderAmount></TrxResponse></Message><Signature-Algorithm>SHA1withRSA</Signature-Algorithm><Signature>y+dJcjTWwi2FxcMAkzscBXtqvhVpNxzjjuy1QobhcuG2QZpAwef05bq4govoKgvJs+XzNqUyEL4/sHmXKwOGVFzzbHc1ugOIXLtmvCB6XGT2IkMwbk91oK8CgPxK4pe1Ln00vmLhDpXBpwPEygCtZR8FSIvIhmKg8+QADEsD4WI=</Signature></MSG>
2014/06/17-23:38:56 接收报文：
2014/06/17-23:38:56 <Message><Merchant><ECMerchantType>B2C</ECMerchantType><MerchantID>244011500069A01</MerchantID></Merchant><TrxResponse><ReturnCode>0000</ReturnCode><ErrorMessage>交易成功</ErrorMessage><TrxType>PayReq</TrxType><OrderNo>ON200306300001</OrderNo><PaymentURL>https://easyabc.95599.cn/b2c/NotCheckStatus/PaymentModeTestAct.ebf?TOKEN=14029068166328071050</PaymentURL><OrderAmount>280</OrderAmount></TrxResponse></Message><Signature-Algorithm>SHA1withRSA</Signature-Algorithm><Signature>y+dJcjTWwi2FxcMAkzscBXtqvhVpNxzjjuy1QobhcuG2QZpAwef05bq4govoKgvJs+XzNqUyEL4/sHmXKwOGVFzzbHc1ugOIXLtmvCB6XGT2IkMwbk91oK8CgPxK4pe1Ln00vmLhDpXBpwPEygCtZR8FSIvIhmKg8+QADEsD4WI=</Signature>
2014/06/17-23:38:56 验证网上支付平台响应报文的签名：正确
2014/06/17-23:38:56 生成交易响应对象：
2014/06/17-23:38:56 交易结果：[0000]
2014/06/17-23:38:56 错误信息：[交易成功]
2014/06/17-23:38:56 交易结束==================================================
                    
                    
                    
                    